TBF; 166069; 328; 99982,61; 1,63; 0,39; 0,10; -0,91; 1,30; -1,37; -1,13; 161,93; -10,20; -499,30
TBF; 166574; 329; 99984,27; 1,51; 0,39; 0,10; -0,91; 0,23; -2,09; -6,06; 162,98; -10,35; -499,15
TBF; 167078; 330; 99982,76; 1,51; 0,39; 0,11; -0,91; -2,52; -1,65; 6,03; 162,68; -10,05; -500,05
TBF; 167583; 331; 99983,93; 1,51; 0,39; 0,10; -0,91; 0,00; 0,56; 0,24; 161,78; -10,35; -497,95
TBF; 168087; 332; 99984,20; 1,51; 0,39; 0,10; -0,91; 1,47; 2,70; 4,50; 161,18; -9,75; -498,85
TBF; 168592; 333; 99979,93; 1,51; 0,39; 0,10; -0,91; -2,00; -1,28; -4,96; 162,08; -9,45; -499,75
TBF; 169096; 334; 99978,65; 1,51; 0,39; 0,10; -0,91; -0,84; -0,67; -0,18; 162,68; -9,75; -499,75
TBF; 169601; 335; 99982,82; 1,51; 0,39; 0,11; -0,91; 1,83; 1,02; 1,68; 161,18; -10,05; -498,85
TBF; 170105; 336; 99979,05; 1,51; 0,39; 0,10; -0,90; 0,56; -1,11; 3,39; 162,68; -10,35; -498,85
TBF; 170610; 337; 99975,12; 1,51; 0,39; 0,10; -0,92; -0,49; 2,08; -5,80; 161,63; -9,30; -498,10
TBF; 171114; 338; 99979,65; 1,51; 0,40; 0,10; -0,91; -2,26; -0,84; 5,69; 162,38; -9,15; -499,75
TBF; 171619; 339; 99982,07; 1,51; 0,39; 0,10; -0,92; 2,23; 2,15; 0,58; 162,68; -9,45; -498,85
TBF; 172123; 340; 99979,04; 1,51; 0,39; 0,11; -0,91; -1,47; -1,11; -0,27; 164,18; -9,45; -499,45
TBF; 172628; 341; 99986,14; 1,51; 0,40; 0,10; -0,91; -1,83; 0,49; -6,23; 162,23; -9,30; -499,30
TBF; 173132; 342; 99982,72; 1,51; 0,39; 0,10; -0,91; -0,87; -3,25; -5,30; 163,13; -9,30; -498,40
TBF; 173637; 343; 99983,60; 1,51; 0,40; 0,10; -0,91; 1,21; 1,56; 5,51; 162,68; -8,85; -498,85
TBF; 174142; 344; 99980,92; 1,51; 0,39; 0,10; -0,91; 1,54; -1,47; 2,11; 161,93; -9,30; -499,90
TBF; 174646; 345; 99982,82; 1,51; 0,39; 0,10; -0,91; -3,80; -5,11; -5,30; 161,33; -9,00; -498,70
TBF; 175151; 346; 99979,06; 1,51; 0,39; 0,10; -0,91; -2,02; 1,36; -0,70; 162,23; -9,30; -497,80
TBF; 175655; 347; 99981,32; 1,51; 0,39; 0,11; -0,91; 1,01; -0,32; 4,24; 162,38; -9,45; -499,75
TBF; 176160; 348; 99980,29; 1,38; 0,39; 0,10; -0,91; -0,96; -2,64; 5,10; 163,28; -8,55; -498,55
TBF; 176664; 349; 99980,16; 1,38; 0,39; 0,10; -0,91; -0,05; -3,24; -2,99; 162,68; -8,85; -498,85
TBF; 177169; 350; 99976,80; 1,38; 0,39; 0,10; -0,91; -1,95; 0,64; -6,23; 162,23; -9,60; -499,60
TBF; 177673; 351; 99979,85; 1,38; 0,39; 0,10; -0,90; -2,09; 1,28; 2,20; 162,38; -10,65; -498,25
TBF; 178178; 352; 99979,74; 1,38; 0,39; 0,10; -0,91; -0,96; -1,22; -1,21; 161,63; -9,90; -498,70
TBF; 178682; 353; 99980,01; 1,38; 0,39; 0,10; -0,92; -1,05; -2,64; -3,18; 162,83; -8,70; -499,90
TBF; 179187; 354; 99979,78; 1,38; 0,39; 0,11; -0,91; -2,08; 1,63; 3,13; 161,18; -10,05; -497,65
TBF; 179691; 355; 99979,54; 1,38; 0,39; 0,10; -0,91; 0,02; 0,64; -0,78; 161,03; -8,40; -498,40
TBF; 180196; 356; 99979,47; 1,38; 0,39; 0,10; -0,91; -1,21; 1,73; 3,39; 161,63; -9,30; -498,10
TBF; 180701; 357; 99983,62; 1,38; 0,39; 0,10; -0,91; -1,13; -1,57; -4,61; 161,33; -9,00; -497,50
TBF; 181205; 358; 99980,04; 1,38; 0,39; 0,10; -0,91; -0,61; -0,60; -4,70; 162,83; -9,00; -499,60
TBF; 181710; 359; 99982,93; 1,38; 0,39; 0,10; -0,92; -0,05; 2,17; 4,32; 162,23; -10,50; -497,80
TBF; 182214; 360; 99979,29; 1,38; 0,39; 0,10; -0,91; 1,95; -0,24; -5,47; 162,23; -9,60; -498,70
TBF; 182719; 361; 99981,90; 1,38; 0,39; 0,10; -0,91; -1,04; -0,85; -5,39; 162,23; -8,70; -497,80
TBF; 183223; 362; 99982,65; 1,38; 0,39; 0,11; -0,91; -1,13; 2,60; 5,77; 162,23; -9,30; -497,80
TBF; 183728; 363; 99976,82; 1,25; 0,39; 0,10; -0,91; -1,22; -0,06; -4,02; 162,38; -10,05; -498,55
TBF; 184232; 364; 99982,88; 1,25; 0,39; 0,10; -0,91; -2,47; 0,29; -8,02; 161,93; -9,30; -498,70
TBF; 184737; 365; 99982,02; 1,25; 0,39; 0,10; -0,91; 0,85; 0,21; 4,58; 162,68; -8,85; -499,45
TBF; 185241; 366; 99982,21; 1,25; 0,39; 0,10; -0,91; 2,41; 1,98; 2,03; 163,28; -9,15; -499,45
TBF; 185746; 367; 99980,30; 1,25; 0,39; 0,11; -0,91; 1,08; 0,20; -0,44; 161,63; -10,80; -498,40
TBF; 186250; 368; 99979,18; 1,25; 0,40; 0,10; -0,91; -0,61; -1,92; 4,67; 161,48; -9,45; -498,85
TBF; 186755; 369; 99980,92; 1,25; 0,39; 0,10; -0,92; 0,55; 0,92; 2,03; 162,83; -9,30; -499,00
TBF; 187259; 370; 99981,29; 1,25; 0,39; 0,10; -0,90; -1,59; 2,34; 2,37; 162,68; -9,15; -498,25
TBF; 187764; 371; 99981,58; 1,25; 0,39; 0,10; -0,91; 0,46; -0,50; -3,34; 163,13; -7,50; -499,00
TBF; 188269; 372; 99980,81; 1,38; 0,39; 0,10; -0,92; -0,43; 1,71; -3,59; 162,38; -8,85; -499,45
TBF; 188773; 373; 99980,10; 1,25; 0,39; 0,10; -0,92; 0,03; 0,31; 2,03; 162,68; -9,75; -498,55
TBF; 189278; 374; 99979,46; 1,38; 0,39; 0,10; -0,92; 0,00; -1,30; -4,87; 161,93; -9,30; -498,40
TBF; 189782; 375; 99980,66; 1,38; 0,39; 0,10; -0,90; 1,88; 3,48; -3,59; 161,48; -9,15; -498,55
TBF; 190287; 376; 99985,86; 1,25; 0,39; 0,10; -0,91; -1,05; 2,50; 2,46; 162,08; -9,15; -498,55
TBF; 190791; 377; 99980,81; 1,25; 0,39; 0,10; -0,91; 1,62; -1,30; -1,47; 162,83; -9,90; -498,10
TBF; 191296; 378; 99981,18; 1,25; 0,39; 0,10; -0,91; -0,32; -1,91; -2,75; 161,63; -10,20; -498,70
TBF; 191800; 379; 99980,52; 1,25; 0,39; 0,11; -0,91; 0,02; 1,08; 3,30; 162,08; -9,15; -498,85
TBF; 192305; 380; 99978,87; 1,25; 0,39; 0,10; -0,91; 0,81; 0,64; -2,32; 161,93; -9,90; -499,30
TBF; 192809; 381; 99980,53; 1,25; 0,39; 0,10; -0,91; -1,95; -2,55; -3,34; 161,48; -8,85; -500,05
TBF; 193314; 382; 99980,03; 1,25; 0,39; 0,10; -0,91; -2,06; -0,52; 4,67; 162,98; -8,85; -499,15
TBF; 193818; 383; 99981,50; 1,25; 0,39; 0,10; -0,91; 0,44; 3,13; -0,70; 161,48; -8,55; -498,85
TBF; 194323; 384; 99978,62; 1,25; 0,39; 0,10; -0,91; -1,42; 2,43; -1,73; 161,18; -8,55; -499,45
TBF; 194827; 385; 99980,62; 1,25; 0,39; 0,11; -0,92; -2,21; -0,34; -4,02; 161,78; -8,85; -498,85
TBF; 195332; 386; 99979,50; 1,25; 0,39; 0,10; -0,91; -0,06; -2,20; -5,13; 162,53; -9,60; -499,00
TBF; 195837; 387; 99980,39; 1,25; 0,39; 0,10; -0,91; 1,08; 3,04; 2,79; 163,13; -9,30; -498,70
TBF; 196341; 388; 99981,11; 1,25; 0,39; 0,11; -0,91; -2,92; -0,60; -3,51; 162,08; -9,75; -498,85
TBF; 196846; 389; 99977,68; 1,25; 0,39; 0,10; -0,91; 0,27; -0,34; -6,58; 161,93; -8,40; -499,90
TBF; 197350; 390; 99981,44; 1,25; 0,40; 0,10; -0,91; 0,53; 2,69; 8,58; 161,48; -9,15; -498,25
TBF; 197855; 391; 99979,15; 1,25; 0,39; 0,10; -0,92; 0,34; -0,08; -5,47; 161,48; -9,45; -499,15
TBF; 198359; 392; 99977,54; 1,25; 0,39; 0,10; -0,91; -0,60; -1,39; -3,34; 161,63; -9,90; -499,00
TBF; 198864; 393; 99976,41; 1,25; 0,39; 0,11; -0,91; -0,44; 1,36; 5,27; 161,78; -8,55; -498,25
TBF; 199368; 394; 99978,38; 1,25; 0,39; 0,10; -0,91; 1,95; -0,60; -0,95; 161,18; -9,15; -499,75
TBF; 199873; 395; 99981,34; 1,25; 0,39; 0,10; -0,91; 1,15; 0,12; 1,51; 162,53; -10,20; -500,20
TBF; 200377; 396; 99979,11; 1,25; 0,39; 0,10; -0,91; -2,67; 2,87; 0,92; 161,78; -8,85; -497,65
TBF; 200882; 397; 99981,59; 1,25; 0,39; 0,10; -0,91; -0,98; 2,60; 0,84; 162,68; -10,35; -498,25
TBF; 201386; 398; 99974,96; 1,25; 0,39; 0,10; -0,91; -0,82; 2,14; 2,03; 161,48; -9,45; -498,25
TBF; 201891; 399; 99982,95; 1,25; 0,39; 0,10; -0,91; -1,45; -1,59; -5,39; 161,93; -8,70; -499,00
TBF; 202396; 400; 99978,48; 1,25; 0,40; 0,10; -0,91; -2,40; -3,88; -5,21; 162,68; -8,85; -498,25
TBF; 202900; 401; 99976,11; 1,25; 0,39; 0,10; -0,91; -0,73; 4,00; 5,34; 161,18; -11,55; -499,15
TBF; 203405; 402; 99981,44; 1,25; 0,40; 0,10; -0,90; -3,22; -1,40; -6,82; 162,83; -9,30; -498,70
TBF; 203909; 403; 99981,61; 1,12; 0,39; 0,10; -0,91; -2,76; -2,37; -5,73; 162,38; -8,85; -498,55
TBF; 204414; 404; 99977,55; 1,25; 0,39; 0,10; -0,91; 0,08; -1,66; 5,34; 161,78; -9,45; -499,75
TBF; 204918; 405; 99977,46; 1,25; 0,39; 0,10; -0,91; 0,26; -0,06; 3,39; 161,93; -9,60; -498,40
TBF; 205423; 406; 99978,60; 1,25; 0,39; 0,10; -0,91; -2,49; -2,02; -5,39; 162,53; -9,00; -498,70
TBF; 205927; 407; 99980,94; 1,25; 0,39; 0,10; -0,91; -0,89; -0,15; 4,24; 161,93; -10,20; -498,40
TBF; 206432; 408; 99975,60; 1,12; 0,40; 0,10; -0,91; 1,39; 2,14; 2,46; 162,98; -10,05; -499,15
TBF; 206936; 409; 99975,92; 1,12; 0,39; 0,11; -0,91; -3,83; 1,71; -3,42; 162,38; -8,85; -498,85
TBF; 207441; 410; 99976,46; 1,12; 0,39; 0,10; -0,91; -2,06; 0,18; 3,65; 161,63; -9,90; -497,80
TBF; 207945; 411; 99976,96; 1,12; 0,39; 0,10; -0,91; -0,26; -0,85; -0,02; 162,23; -8,40; -498,10
TBF; 208450; 412; 99978,00; 1,12; 0,39; 0,11; -0,91; -1,62; -2,56; -1,30; 161,48; -9,45; -498,55
TBF; 208954; 413; 99977,21; 1,12; 0,40; 0,10; -0,91; -2,49; -1,76; 3,98; 162,23; -9,90; -499,00
TBF; 209459; 414; 99978,03; 1,12; 0,39; 0,10; -0,91; 0,34; 0,46; 0,49; 162,83; -10,20; -499,00
TBF; 209964; 415; 99974,89; 1,12; 0,39; 0,10; -0,91; 0,79; -2,20; -0,70; 161,93; -10,20; -499,00
TBF; 210468; 416; 99977,90; 1,12; 0,39; 0,11; -0,92; -2,32; -2,46; 0,06; 162,23; -9,00; -499,00
TBF; 210973; 417; 99973,22; 1,12; 0,39; 0,10; -0,91; 1,04; 1,44; 1,77; 162,38; -8,85; -499,15
TBF; 211477; 418; 99975,51; 1,12; 0,39; 0,10; -0,91; -0,90; -2,55; -1,56; 161,93; -9,30; -498,70
TBF; 211982; 419; 99979,91; 1,12; 0,39; 0,10; -0,91; -1,08; -0,26; -2,40; 163,13; -10,20; -499,00
TBF; 212486; 420; 99980,28; 1,12; 0,39; 0,10; -0,91; -0,20; 1,97; 3,98; 162,68; -10,05; -498,85
TBF; 212991; 421; 99978,23; 1,12; 0,39; 0,10; -0,90; -0,73; -0,08; -0,87; 161,48; -10,05; -498,55
TBF; 213495; 422; 99975,11; 1,12; 0,39; 0,10; -0,91; -1,83; 2,05; 8,75; 161,48; -9,75; -497,65
TBF; 214000; 423; 99977,27; 0,99; 0,40; 0,10; -0,91; 1,83; 0,99; 5,01; 162,23; -8,70; -498,10
TBF; 214504; 424; 99978,18; 0,99; 0,39; 0,11; -0,91; -1,71; 0,02; -0,70; 161,33; -9,30; -499,00
TBF; 215009; 425; 99974,94; 0,99; 0,39; 0,10; -0,90; -2,03; 0,38; 6,89; 160,88; -10,05; -498,25
TBF; 215513; 426; 99976,16; 0,99; 0,39; 0,10; -0,91; 1,28; 3,10; 1,18; 162,53; -8,10; -497,80
TBF; 216018; 427; 99976,00; 0,99; 0,39; 0,10; -0,91; -2,06; -1,77; -3,42; 162,23; -9,90; -499,00
TBF; 216522; 428; 99977,05; 0,99; 0,39; 0,10; -0,91; -0,73; 2,95; 6,53; 161,93; -9,60; -498,40
TBF; 217027; 429; 99977,77; 0,99; 0,39; 0,10; -0,90; 2,34; -2,29; -2,99; 162,08; -8,85; -498,55
TBF; 217531; 430; 99978,46; 0,99; 0,39; 0,10; -0,91; -1,74; -2,56; -5,13; 160,88; -8,85; -498,85
TBF; 218036; 431; 99974,63; 0,99; 0,39; 0,11; -0,91; -1,27; 0,55; 5,86; 161,93; -10,50; -497,50
TBF; 218541; 432; 99981,98; 0,99; 0,39; 0,10; -0,91; -0,23; 1,51; 0,84; 161,93; -9,60; -498,70
TBF; 219045; 433; 99978,79; 0,99; 0,39; 0,10; -0,91; -3,79; -0,61; -2,23; 161,93; -9,60; -499,00
TBF; 219550; 434; 99979,96; 0,99; 0,39; 0,11; -0,91; 0,24; 0,55; 6,96; 162,38; -10,05; -498,25
TBF; 220054; 435; 99976,31; 0,99; 0,39; 0,11; -0,91; 2,27; -0,96; 3,13; 161,18; -9,75; -498,85
TBF; 220559; 436; 99978,10; 0,99; 0,39; 0,11; -0,92; -3,04; -3,45; -9,13; 161,93; -9,30; -497,80
TBF; 221063; 437; 99979,75; 0,99; 0,39; 0,10; -0,91; 0,05; 2,67; 4,58; 163,43; -9,30; -499,30
TBF; 221568; 438; 99978,88; 0,99; 0,40; 0,10; -0,91; -1,98; -1,68; -5,63; 162,38; -9,15; -498,25
TBF; 222072; 439; 99975,76; 0,99; 0,39; 0,10; -0,92; 1,30; -0,70; -7,01; 160,73; -9,60; -497,80
TBF; 222577; 440; 99978,16; 0,99; 0,39; 0,10; -0,91; 1,19; 1,68; 1,01; 161,93; -8,70; -499,00
TBF; 223081; 441; 99979,79; 0,99; 0,39; 0,10; -0,91; -1,01; -0,79; -4,61; 161,18; -9,75; -498,55
TBF; 223586; 442; 99975,34; 0,99; 0,39; 0,11; -0,91; 0,24; -0,61; -3,25; 162,53; -9,90; -497,80
TBF; 224090; 443; 99977,74; 0,99; 0,39; 0,10; -0,91; 0,95; -0,26; 6,11; 162,38; -9,15; -498,85
TBF; 224595; 444; 99976,22; 0,99; 0,39; 0,10; -0,91; -2,27; -2,29; -3,42; 162,08; -9,45; -498,85
TBF; 225099; 445; 99978,54; 0,99; 0,39; 0,11; -0,91; -0,43; -0,44; -4,61; 161,93; -9,60; -499,00
TBF; 225604; 446; 99980,86; 0,99; 0,40; 0,10; -0,91; 0,41; 3,65; 5,34; 161,48; -10,05; -498,85
TBF; 226613; 448; 99976,79; 0,99; 0,40; 0,11; -0,91; 0,06; -1,68; -6,06; 162,08; -8,85; -498,25
TBF; 227118; 449; 99977,91; 0,99; 0,39; 0,10; -0,91; -0,23; 0,46; -2,75; 162,08; -9,45; -499,75
TBF; 227622; 450; 99978,66; 0,99; 0,39; 0,11; -0,91; -4,05; -0,43; -3,77; 161,78; -9,15; -498,25
TBF; 228127; 451; 99977,28; 0,99; 0,40; 0,10; -0,90; 1,31; 1,07; 2,37; 161,63; -8,70; -499,30
TBF; 228631; 452; 99975,63; 0,99; 0,40; 0,10; -0,91; -4,84; -0,96; -2,75; 162,38; -7,65; -497,35
TBF; 229136; 453; 99981,75; 0,99; 0,39; 0,11; -0,91; -1,30; -0,89; 5,77; 162,23; -8,70; -499,00
TBF; 229640; 454; 99978,11; 0,99; 0,40; 0,10; -0,92; 0,82; -3,01; 1,34; 161,33; -9,00; -498,40
TBF; 230145; 455; 99977,65; 1,12; 0,39; 0,10; -0,90; -0,32; -0,37; -1,97; 161,93; -8,70; -497,50
TBF; 230649; 456; 99972,60; 1,12; 0,39; 0,10; -0,91; 4,03; 3,47; 5,51; 161,93; -8,40; -499,00
TBF; 231154; 457; 99974,03; 1,12; 0,39; 0,10; -0,91; 2,63; -0,17; 2,27; 162,53; -8,70; -498,70
TBF; 231658; 458; 99975,18; 1,12; 0,39; 0,10; -0,91; 1,18; -0,53; -8,11; 161,63; -9,30; -498,70
TBF; 232163; 459; 99974,38; 1,12; 0,39; 0,10; -0,91; -0,21; 1,97; 5,69; 163,13; -9,60; -497,80
TBF; 232667; 460; 99975,74; 1,12; 0,39; 0,11; -0,90; -2,09; 1,33; -4,18; 162,98; -7,95; -498,85
TBF; 233172; 461; 99975,85; 1,12; 0,39; 0,11; -0,91; -2,46; 1,69; -5,63; 163,13; -10,50; -498,10
TBF; 233677; 462; 99976,71; 1,12; 0,39; 0,10; -0,91; -0,75; 1,25; 4,41; 160,13; -9,00; -498,70
TBF; 234181; 463; 99974,17; 1,12; 0,40; 0,10; -0,91; -2,53; -2,58; -2,23; 161,48; -9,15; -498,25
TBF; 234686; 464; 99976,47; 1,12; 0,39; 0,10; -0,91; -2,46; -0,70; -3,94; 161,93; -9,00; -497,80
TBF; 235190; 465; 99976,55; 1,12; 0,39; 0,10; -0,91; 1,18; 1,59; 3,13; 160,58; -9,15; -497,95
TBF; 235695; 466; 99978,02; 1,25; 0,39; 0,10; -0,91; -2,29; 1,33; -1,63; 161,78; -8,85; -497,95
TBF; 236199; 467; 99979,93; 1,12; 0,39; 0,10; -0,91; -0,34; -1,25; -4,11; 161,78; -9,15; -497,95
TBF; 236704; 468; 99974,74; 1,12; 0,39; 0,10; -0,91; -1,63; 1,16; 5,27; 162,08; -9,75; -499,15
TBF; 237208; 469; 99977,86; 1,25; 0,39; 0,10; -0,91; -1,76; -1,42; -3,85; 161,78; -9,15; -497,95
TBF; 237713; 470; 99973,65; 1,25; 0,39; 0,11; -0,91; -1,48; -0,87; -2,82; 161,33; -9,60; -498,40
TBF; 238217; 471; 99973,01; 1,12; 0,40; 0,10; -0,91; 1,19; -3,27; 5,18; 160,88; -9,45; -498,55
TBF; 238722; 472; 99975,55; 1,25; 0,39; 0,10; -0,91; 0,14; 0,81; 0,58; 161,63; -8,40; -498,40
TBF; 239226; 473; 99973,65; 1,25; 0,39; 0,10; -0,91; 0,73; -1,25; -2,82; 161,93; -9,60; -497,20
TBF; 239731; 474; 99972,83; 1,25; 0,39; 0,10; -0,92; -1,56; 1,33; 6,03; 162,98; -8,55; -498,55
TBF; 240235; 475; 99972,56; 1,25; 0,39; 0,10; -0,90; 1,21; 0,55; 2,70; 162,68; -9,15; -497,35
TBF; 240740; 476; 99973,75; 1,25; 0,39; 0,10; -0,91; -1,04; 1,51; -6,66; 162,23; -10,50; -497,80
TBF; 241245; 477; 99975,13; 1,25; 0,39; 0,10; -0,90; -0,08; 3,45; 9,10; 161,48; -9,75; -498,25
TBF; 241749; 478; 99974,64; 1,25; 0,39; 0,10; -0,91; 0,90; -3,47; -3,94; 162,38; -8,25; -498,85
TBF; 242254; 479; 99977,90; 1,25; 0,39; 0,10; -0,91; -0,78; -0,63; -7,08; 161,18; -8,85; -497,65
TBF; 242758; 480; 99975,05; 1,25; 0,39; 0,11; -0,91; 0,21; -0,09; 3,30; 162,08; -9,45; -497,35
TBF; 243263; 481; 99976,57; 1,25; 0,39; 0,10; -0,91; -2,37; -0,81; -5,89; 161,93; -9,00; -499,60
TBF; 243767; 482; 99977,07; 1,25; 0,39; 0,10; -0,91; 0,64; -0,89; -1,80; 162,53; -9,90; -498,70
TBF; 244272; 483; 99975,21; 1,25; 0,39; 0,11; -0,91; -1,85; -2,05; -0,95; 162,08; -8,85; -498,25
TBF; 244776; 484; 99976,52; 1,25; 0,39; 0,10; -0,91; -1,21; -0,26; 1,27; 162,83; -8,70; -499,60
TBF; 245281; 485; 99975,08; 1,38; 0,39; 0,10; -0,91; 0,73; -0,89; -1,56; 162,23; -9,90; -498,10
TBF; 245785; 486; 99977,14; 1,38; 0,39; 0,10; -0,91; -1,59; -0,18; 1,86; 161,48; -9,45; -497,65
TBF; 246290; 487; 99976,20; 1,38; 0,40; 0,11; -0,91; -2,38; -0,72; 1,27; 161,48; -8,85; -497,95
TBF; 246794; 488; 99972,13; 1,38; 0,39; 0,11; -0,91; 1,89; 1,88; 4,67; 162,53; -9,30; -499,90
TBF; 247299; 489; 99975,99; 1,38; 0,39; 0,10; -0,91; -0,96; -0,18; -1,73; 161,18; -10,65; -497,95
TBF; 247803; 490; 99977,97; 1,51; 0,39; 0,10; -0,92; -2,67; 1,76; -0,61; 161,78; -8,55; -498,55
TBF; 248308; 491; 99975,67; 1,51; 0,39; 0,10; -0,91; -0,24; 0,26; 2,96; 162,08; -9,15; -497,35
TBF; 248813; 492; 99975,59; 1,51; 0,39; 0,10; -0,91; -1,05; 0,17; 2,20; 162,23; -9,60; -498,40
TBF; 249317; 493; 99977,73; 1,51; 0,39; 0,10; -0,91; -0,41; -0,98; 4,58; 161,63; -9,00; -497,50
TBF; 249822; 494; 99975,33; 1,51; 0,39; 0,10; -0,91; -3,27; -3,11; -1,21; 161,78; -8,55; -498,55
TBF; 250326; 495; 99973,46; 1,51; 0,39; 0,11; -0,91; -1,13; 0,35; -3,34; 161,48; -9,75; -498,85
TBF; 250831; 496; 99973,28; 1,51; 0,39; 0,11; -0,91; -1,66; 0,61; 3,73; 161,78; -9,45; -498,55
TBF; 251335; 497; 99974,50; 1,51; 0,39; 0,11; -0,91; -3,36; 1,05; -0,70; 161,78; -9,15; -499,45
TBF; 251840; 498; 99978,32; 1,51; 0,39; 0,10; -0,91; -1,85; 0,35; -2,32; 162,08; -9,15; -498,55
TBF; 252344; 499; 99975,87; 1,51; 0,39; 0,10; -0,92; -2,29; 0,44; 7,98; 161,93; -9,90; -498,40
TBF; 259912; 514; 99975,21; 1,51; 0,39; 0,10; -0,91; 1,77; 0,89; -4,02; 160,43; -9,00; -499,30
TBF; 260417; 515; 99973,77; 1,51; 0,40; 0,10; -0,91; -2,67; -2,24; -1,37; 161,63; -9,60; -498,40
TBF; 260921; 516; 99973,86; 1,51; 0,39; 0,11; -0,90; -1,40; 0,44; 5,44; 160,88; -8,55; -498,85
TBF; 261426; 517; 99977,96; 1,51; 0,39; 0,10; -0,91; 0,96; 0,78; 1,94; 161,93; -9,60; -498,70
TBF; 261930; 518; 99976,18; 1,51; 0,39; 0,10; -0,91; -1,69; -1,62; -4,96; 162,23; -9,30; -497,50
TBF; 262435; 519; 99973,70; 1,38; 0,39; 0,10; -0,91; 1,24; 0,24; -1,04; 161,48; -8,25; -498,55
TBF; 262939; 520; 99978,12; 1,38; 0,39; 0,11; -0,91; -2,12; -4,98; -5,63; 160,73; -9,60; -498,40
TBF; 263444; 521; 99977,05; 1,51; 0,39; 0,11; -0,91; 1,94; -0,38; -1,47; 161,33; -9,30; -498,40
TBF; 263949; 522; 99977,00; 1,38; 0,39; 0,10; -0,91; 0,00; 0,70; 4,15; 162,23; -8,70; -498,70
TBF; 264453; 523; 99979,48; 1,38; 0,39; 0,10; -0,91; -1,60; -3,04; 0,24; 162,68; -8,85; -498,85
TBF; 264958; 524; 99979,43; 1,38; 0,39; 0,11; -0,91; 1,68; 1,50; 4,32; 161,48; -9,15; -497,65
TBF; 265462; 525; 99980,68; 1,51; 0,39; 0,10; -0,91; -0,37; -0,02; -3,42; 162,83; -9,30; -497,80
TBF; 265967; 526; 99974,93; 1,51; 0,39; 0,11; -0,91; -2,58; 1,31; 6,37; 162,68; -9,15; -498,25
TBF; 266471; 527; 99976,26; 1,51; 0,39; 0,10; -0,91; -0,11; -1,97; -1,56; 162,08; -9,15; -497,65
TBF; 266976; 528; 99975,43; 1,38; 0,39; 0,10; -0,91; -1,69; -1,80; -5,21; 162,23; -8,40; -498,70
TBF; 267480; 529; 99976,02; 1,38; 0,39; 0,11; -0,92; 0,00; -1,51; 3,73; 162,23; -8,40; -498,40
TBF; 267985; 530; 99979,70; 1,38; 0,39; 0,10; -0,91; -0,26; 0,61; -1,37; 161,63; -10,20; -498,40
TBF; 268489; 531; 99979,62; 1,38; 0,40; 0,10; -0,91; 1,24; 1,22; -6,49; 162,38; -10,05; -498,55
TBF; 268994; 532; 99977,06; 1,38; 0,39; 0,10; -0,91; 0,72; 2,03; 0,49; 161,33; -9,30; -499,30
TBF; 269498; 533; 99978,07; 1,38; 0,39; 0,10; -0,91; -1,54; -0,73; 6,37; 161,18; -8,55; -498,25
TBF; 270003; 534; 99978,66; 1,25; 0,39; 0,11; -0,91; 1,94; -0,11; 2,20; 161,33; -9,00; -498,70
TBF; 270507; 535; 99983,64; 1,25; 0,39; 0,10; -0,91; -0,55; -2,41; -5,04; 161,78; -9,15; -498,85
TBF; 271012; 536; 99979,39; 1,25; 0,39; 0,10; -0,91; -0,02; 1,57; 4,67; 161,48; -9,15; -498,85
TBF; 271517; 537; 99977,17; 1,25; 0,39; 0,10; -0,91; -1,08; 0,69; 0,41; 161,78; -8,55; -499,75
TBF; 272021; 538; 99977,39; 1,25; 0,39; 0,10; -0,91; -1,69; 0,60; -3,51; 161,33; -8,10; -498,40
TBF; 272526; 539; 99975,65; 1,25; 0,39; 0,10; -0,90; 0,50; -0,46; -1,21; 161,63; -9,30; -498,10
TBF; 273030; 540; 99977,60; 1,25; 0,39; 0,10; -0,91; 0,85; 0,15; 5,60; 162,23; -9,00; -498,40
TBF; 273535; 541; 99975,89; 1,25; 0,39; 0,11; -0,91; -3,11; -2,50; -4,44; 161,03; -8,70; -497,80
TBF; 274039; 542; 99974,86; 1,25; 0,39; 0,10; -0,91; -0,37; -2,60; -6,06; 161,48; -7,95; -498,55
TBF; 274544; 543; 99974,72; 1,25; 0,39; 0,10; -0,91; 0,85; 2,02; 4,24; 162,23; -9,00; -499,00
TBF; 275048; 544; 99974,54; 1,25; 0,39; 0,11; -0,91; -3,54; -2,67; -3,94; 162,23; -9,00; -497,80
TBF; 275553; 545; 99973,61; 1,25; 0,39; 0,11; -0,91; 1,15; -1,53; -5,30; 162,08; -9,45; -498,25
TBF; 276057; 546; 99976,48; 1,25; 0,39; 0,10; -0,92; 0,50; -0,46; 0,92; 161,63; -8,10; -497,20
TBF; 276562; 547; 99975,95; 1,25; 0,39; 0,10; -0,91; -0,37; 1,85; 7,48; 161,78; -9,15; -498,85
TBF; 277066; 548; 99974,16; 1,25; 0,40; 0,11; -0,91; 1,68; 1,57; 2,27; 161,48; -9,15; -499,15
TBF; 277571; 549; 99979,46; 1,25; 0,39; 0,10; -0,91; -2,76; -2,69; -3,68; 160,88; -8,85; -498,25
TBF; 278075; 550; 99974,16; 1,12; 0,39; 0,11; -0,91; -2,32; 0,78; 4,58; 161,78; -7,65; -498,25
TBF; 278580; 551; 99973,61; 1,12; 0,39; 0,11; -0,90; 1,57; 1,40; 0,32; 161,48; -9,75; -499,45
TBF; 279085; 552; 99974,75; 1,12; 0,39; 0,11; -0,91; 0,58; -2,08; -5,30; 162,38; -9,15; -499,15
TBF; 279589; 553; 99976,11; 1,12; 0,39; 0,10; -0,90; 0,75; 1,11; 4,32; 161,93; -9,00; -497,20
TBF; 280094; 554; 99976,67; 1,12; 0,39; 0,10; -0,91; -3,92; 0,08; -3,94; 161,33; -8,10; -498,40
TBF; 280598; 555; 99973,98; 1,12; 0,39; 0,10; -0,91; 0,26; -1,80; -6,92; 161,48; -9,15; -497,65
TBF; 281103; 556; 99975,15; 1,12; 0,39; 0,11; -0,91; -0,40; 2,81; 2,27; 162,23; -9,90; -498,10
TBF; 281607; 557; 99971,96; 1,12; 0,39; 0,10; -0,91; -2,58; 0,60; 2,96; 161,78; -9,75; -498,25
TBF; 282112; 558; 99974,20; 1,12; 0,39; 0,10; -0,91; -0,46; -0,64; 0,58; 161,33; -9,30; -497,50
TBF; 282616; 559; 99975,32; 1,12; 0,39; 0,10; -0,91; 1,11; -1,36; -2,49; 161,18; -8,55; -497,95
TBF; 283121; 560; 99976,12; 1,12; 0,39; 0,10; -0,91; 1,31; -0,02; 6,46; 161,18; -9,75; -497,95
TBF; 283625; 561; 99977,02; 1,12; 0,39; 0,10; -0,91; -0,95; 2,27; 3,22; 161,93; -9,60; -497,80
TBF; 284130; 562; 99974,46; 1,12; 0,39; 0,10; -0,91; -1,45; 0,15; -6,40; 161,63; -9,00; -497,80
TBF; 284634; 563; 99979,42; 1,12; 0,39; 0,10; -0,91; 0,52; 0,43; -0,87; 160,28; -8,55; -497,35
TBF; 285139; 564; 99971,61; 1,12; 0,39; 0,11; -0,91; -0,90; 0,15; 2,46; 161,48; -10,35; -498,55
TBF; 285643; 565; 99974,25; 1,12; 0,39; 0,10; -0,91; 2,27; 0,60; -0,27; 161,78; -8,55; -498,25
TBF; 286148; 566; 99976,73; 1,12; 0,39; 0,11; -0,91; -2,52; -2,95; -1,89; 163,43; -9,30; -499,30
TBF; 286653; 567; 99974,97; 1,12; 0,39; 0,10; -0,91; 0,60; 1,50; 4,92; 162,38; -9,75; -498,25
TBF; 287157; 568; 99979,20; 1,12; 0,39; 0,11; -0,91; -3,07; -1,82; -6,49; 161,18; -8,55; -498,85
TBF; 287662; 569; 99976,19; 1,12; 0,39; 0,10; -0,91; -3,13; 1,50; -9,89; 162,53; -9,60; -497,80
TBF; 288166; 570; 99975,07; 1,12; 0,39; 0,11; -0,91; 0,61; -0,99; 1,86; 160,58; -9,75; -497,95
TBF; 288671; 571; 99975,77; 1,12; 0,39; 0,10; -0,91; -4,64; -1,18; -4,37; 161,33; -9,90; -498,10
TBF; 289175; 572; 99976,27; 1,12; 0,39; 0,10; -0,91; -1,25; 2,82; -2,56; 162,38; -9,45; -498,25
TBF; 289680; 573; 99976,05; 1,12; 0,39; 0,11; -0,91; 1,37; 1,21; 1,01; 160,73; -8,70; -497,80
TBF; 290184; 574; 99973,77; 0,99; 0,40; 0,10; -0,91; -4,03; -0,31; -0,02; 161,33; -8,10; -498,10
TBF; 290689; 575; 99976,14; 0,99; 0,39; 0,10; -0,90; 0,75; -0,03; 4,84; 161,48; -9,45; -498,55
TBF; 291193; 576; 99977,74; 0,99; 0,39; 0,10; -0,91; 1,66; 0,15; -8,87; 161,18; -9,75; -498,55
TBF; 291698; 577; 99975,50; 0,99; 0,40; 0,11; -0,90; -1,18; 2,82; 4,50; 160,88; -9,75; -497,95
TBF; 292202; 578; 99974,84; 0,99; 0,39; 0,10; -0,91; -1,45; -0,90; 2,20; 162,08; -8,85; -498,25
TBF; 292707; 579; 99975,42; 0,99; 0,39; 0,11; -0,91; 0,05; 1,92; -4,70; 161,33; -8,40; -498,40
TBF; 293211; 580; 99980,38; 0,99; 0,39; 0,11; -0,91; -2,63; -4,20; -0,87; 161,48; -9,45; -498,85
TBF; 293716; 581; 99978,62; 0,99; 0,39; 0,10; -0,91; -1,56; 1,65; 6,11; 161,48; -8,85; -498,25
TBF; 294221; 582; 99979,34; 0,99; 0,39; 0,10; -0,91; -1,30; 0,41; -2,32; 162,38; -10,05; -496,45
TBF; 294725; 583; 99976,41; 0,99; 0,39; 0,11; -0,90; -0,73; -0,55; -1,80; 162,38; -9,45; -497,65
TBF; 295230; 584; 99974,30; 0,99; 0,40; 0,11; -0,91; 0,06; -0,20; 1,94; 161,93; -9,00; -497,80
TBF; 295734; 585; 99979,66; 0,99; 0,39; 0,10; -0,91; -3,05; -0,66; 1,51; 162,08; -9,75; -497,35
TBF; 296239; 586; 99983,36; 0,99; 0,40; 0,10; -0,92; -1,39; -1,89; 1,01; 162,53; -9,00; -498,70
TBF; 296743; 587; 99979,11; 0,99; 0,39; 0,10; -0,91; 1,28; 2,18; -4,02; 162,23; -7,50; -498,10
TBF; 297248; 588; 99976,80; 0,99; 0,39; 0,10; -0,90; 1,56; 1,02; 2,11; 160,28; -9,75; -497,05
TBF; 297752; 589; 99975,21; 0,99; 0,39; 0,10; -0,91; -0,40; -1,36; 3,22; 161,48; -8,85; -497,65
TBF; 298257; 590; 99976,97; 0,99; 0,39; 0,11; -0,91; 0,85; 1,04; 6,11; 161,48; -8,85; -497,95
TBF; 298761; 591; 99976,86; 0,99; 0,39; 0,11; -0,91; -0,31; -1,10; -7,34; 161,78; -8,85; -497,65
TBF; 299266; 592; 99978,41; 0,99; 0,39; 0,11; -0,91; -0,92; 2,55; 6,63; 160,73; -9,00; -498,70
TBF; 299770; 593; 99976,41; 0,99; 0,39; 0,11; -0,91; -1,57; -0,47; -4,27; 161,78; -8,85; -498,25
TBF; 300275; 594; 99977,71; 0,99; 0,39; 0,11; -0,91; 1,98; 1,39; -1,56; 161,63; -10,50; -497,80
TBF; 300779; 595; 99975,63; 0,87; 0,39; 0,10; -0,91; -1,11; 2,53; 1,44; 161,93; -9,00; -498,10
TBF; 301284; 596; 99975,63; 0,87; 0,39; 0,10; -0,91; -0,38; -0,99; -0,61; 161,33; -8,70; -498,70
TBF; 301789; 597; 99976,49; 0,87; 0,39; 0,10; -0,91; 1,66; 2,92; 2,11; 161,03; -8,70; -497,80
TBF; 302293; 598; 99975,55; 0,87; 0,39; 0,10; -0,91; -2,08; 2,20; -5,47; 161,78; -9,75; -497,95
TBF; 302798; 599; 99978,83; 0,87; 0,39; 0,10; -0,91; -0,32; 0,67; 2,37; 160,58; -9,75; -496,15
TBF; 303302; 600; 99976,22; 0,87; 0,39; 0,10; -0,91; -2,35; -0,66; -0,35; 161,03; -9,30; -498,70
TBF; 303807; 601; 99979,15; 0,87; 0,39; 0,10; -0,91; 2,46; 0,96; 2,79; 161,48; -9,45; -497,95
TBF; 304311; 602; 99977,95; 0,87; 0,39; 0,11; -0,90; -0,32; -1,45; -1,30; 162,38; -9,15; -497,05
TBF; 304816; 603; 99973,48; 0,87; 0,39; 0,11; -0,91; -0,95; -0,56; 5,77; 162,38; -10,05; -498,25
TBF; 305320; 604; 99974,59; 0,87; 0,39; 0,11; -0,91; 0,14; 0,23; -5,89; 161,93; -9,30; -498,40
TBF; 305825; 605; 99974,75; 0,87; 0,39; 0,11; -0,91; 0,73; -0,75; 0,75; 161,48; -8,55; -498,55
TBF; 306329; 606; 99978,04; 0,87; 0,39; 0,11; -0,91; -0,76; -2,87; -3,42; 161,33; -9,60; -497,80
TBF; 306834; 607; 99977,55; 0,87; 0,39; 0,10; -0,91; -4,23; -3,68; -0,70; 161,18; -8,85; -497,35
TBF; 307338; 608; 99980,80; 0,87; 0,39; 0,11; -0,92; -1,13; 1,74; 4,58; 161,63; -10,20; -497,50
TBF; 307843; 609; 99982,48; 0,87; 0,40; 0,10; -0,91; -1,22; 0,93; -2,99; 161,63; -9,00; -498,40
TBF; 308347; 610; 99980,08; 0,87; 0,39; 0,10; -0,91; 1,27; 0,32; -0,78; 162,83; -8,70; -498,10
TBF; 308852; 611; 99981,57; 0,99; 0,39; 0,10; -0,91; -0,32; -2,26; -0,18; 161,78; -9,75; -496,75
TBF; 309357; 612; 99979,66; 0,87; 0,39; 0,11; -0,91; 1,37; 0,76; 1,18; 162,38; -8,85; -497,95
TBF; 309861; 613; 99981,36; 0,87; 0,39; 0,11; -0,91; -1,39; 0,23; -4,37; 161,93; -9,30; -498,40
TBF; 310366; 614; 99978,56; 0,87; 0,39; 0,10; -0,90; -0,85; 0,06; 6,72; 161,33; -9,00; -497,80
TBF; 310870; 615; 99980,30; 0,87; 0,39; 0,11; -0,91; -1,04; -0,40; 1,60; 162,83; -8,70; -497,50
TBF; 311375; 616; 99978,72; 0,87; 0,39; 0,11; -0,90; 0,92; -0,92; 4,24; 161,93; -9,00; -497,80
TBF; 311879; 617; 99980,99; 0,87; 0,39; 0,11; -0,91; -0,95; -0,56; -3,94; 161,18; -8,55; -498,85
TBF; 312384; 618; 99979,87; 0,87; 0,39; 0,11; -0,91; -0,32; -0,40; 0,75; 161,78; -9,15; -498,25
TBF; 312888; 619; 99972,96; 0,87; 0,39; 0,10; -0,92; -2,69; 1,31; -5,30; 160,73; -9,30; -497,80
TBF; 313393; 620; 99975,92; 0,87; 0,39; 0,11; -0,91; 0,66; -1,63; -2,49; 161,63; -9,30; -498,10
TBF; 313897; 621; 99981,52; 0,87; 0,39; 0,11; -0,91; 1,36; -3,50; -3,08; 160,58; -8,85; -497,65
TBF; 314402; 622; 99977,04; 0,99; 0,39; 0,10; -0,91; 0,58; 3,07; 7,56; 161,48; -9,75; -496,75
TBF; 314906; 623; 99975,36; 0,99; 0,39; 0,10; -0,91; -2,46; -0,12; -5,21; 161,03; -9,60; -498,40
TBF; 315411; 624; 99979,28; 0,99; 0,39; 0,10; -0,90; -0,76; 1,48; -1,13; 161,63; -9,00; -497,50
TBF; 315915; 625; 99974,64; 0,99; 0,39; 0,11; -0,91; -3,69; -1,63; -4,79; 162,83; -9,60; -497,80
TBF; 316420; 626; 99975,13; 0,99; 0,39; 0,11; -0,91; -1,04; 2,37; 5,77; 161,33; -8,10; -499,00
TBF; 316924; 627; 99975,39; 0,99; 0,39; 0,10; -0,90; 0,38; 2,18; 2,53; 160,73; -8,40; -498,10
TBF; 317429; 628; 99978,13; 0,99; 0,39; 0,10; -0,91; 1,98; -1,73; 0,92; 160,43; -8,70; -498,40
TBF; 317934; 629; 99975,01; 0,99; 0,39; 0,10; -0,91; -1,73; -0,47; 1,18; 161,33; -8,40; -498,10
TBF; 318438; 630; 99975,41; 0,99; 0,39; 0,11; -0,91; -1,39; 0,50; 4,58; 161,03; -7,50; -497,80
TBF; 318943; 631; 99974,91; 0,99; 0,39; 0,10; -0,91; -1,77; -3,33; -3,25; 160,73; -10,20; -498,10
TBF; 319447; 632; 99976,85; 0,99; 0,39; 0,10; -0,91; -2,72; -1,01; -8,53; 161,63; -7,80; -497,80
TBF; 319952; 633; 99976,85; 0,99; 0,39; 0,11; -0,91; 1,27; -0,47; -1,47; 161,03; -9,30; -497,80
TBF; 320456; 634; 99975,33; 0,99; 0,39; 0,11; -0,91; -2,72; 2,63; 5,27; 161,03; -9,30; -498,40
TBF; 320961; 635; 99974,77; 0,99; 0,39; 0,10; -0,91; 1,18; -1,21; -1,04; 161,18; -8,85; -497,65
TBF; 321465; 636; 99975,43; 0,99; 0,39; 0,10; -0,91; -1,08; -0,49; -6,58; 160,73; -8,40; -496,60
TBF; 321970; 637; 99981,91; 0,99; 0,39; 0,11; -0,90; 0,38; 3,79; 2,27; 161,48; -9,45; -497,65
TBF; 322474; 638; 99975,09; 0,99; 0,39; 0,10; -0,91; -0,50; -2,08; -5,89; 161,78; -9,15; -498,25
TBF; 322979; 639; 99979,52; 0,87; 0,39; 0,10; -0,91; -0,73; 0,31; -0,70; 161,03; -8,40; -497,20
TBF; 323483; 640; 99978,63; 0,99; 0,39; 0,11; -0,91; 1,34; -1,11; -6,15; 162,83; -9,00; -497,80
TBF; 323988; 641; 99976,69; 0,99; 0,39; 0,10; -0,91; -0,41; 0,95; 7,13; 161,03; -10,80; -497,80
TBF; 324492; 642; 99979,19; 0,99; 0,40; 0,11; -0,91; 0,66; -0,84; 6,20; 161,63; -9,30; -497,80
TBF; 324997; 643; 99977,84; 0,87; 0,40; 0,10; -0,91; -2,55; 2,00; -0,02; 161,63; -9,30; -497,20
TBF; 325501; 644; 99975,86; 0,74; 0,38; 0,10; -0,90; 0,02; 0,66; -6,15; 162,23; -9,30; -497,20
TBF; 326006; 645; 100004,82; 0,74; 0,40; 0,11; -0,88; -4,60; 21,42; 5,10; 161,33; -10,20; -496,60
TBF; 326511; 646; 100015,16; 0,74; 0,14; 1,58; 0,16; -250,14; 250,13; -250,14; 111,85; -1,80; -466,61
TBF; 327015; 647; 100004,71; 0,74; 0,11; 1,19; 0,07; -250,14; 250,13; 138,03; 110,51; -7,35; -452,37
TBF; 327520; 648; 99980,18; 0,74; 0,14; 0,97; 0,09; 23,82; 249,77; 12,50; 115,45; 17,39; -458,81
TBF; 328024; 649; 100005,13; 0,74; 0,07; 0,97; 0,04; 0,29; 55,51; 62,41; 111,10; 5,25; -451,77
TBF; 328529; 650; 99950,00; 0,87; 0,08; 0,61; 0,12; 27,45; -9,08; -4,44; 112,00; 2,85; -469,76
TBF; 329033; 651; 99923,00; 0,87; 0,05; 0,92; 0,06; -34,70; -2,63; -7,25; 111,85; 4,80; -464,21
TBF; 329538; 652; 99923,94; 0,87; 0,07; 1,01; 0,03; 29,21; -78,85; -19,94; 111,10; 7,95; -456,56
TBF; 330042; 653; 99928,66; 0,87; 0,07; 0,99; 0,05; -12,31; -114,24; 16,76; 113,05; 12,89; -451,92
TBF; 330547; 654; 99927,94; 0,99; 0,06; 0,99; 0,06; -0,53; -200,69; -29,15; 112,45; -6,30; -440,82
TBF; 331051; 655; 99925,35; 0,99; 0,05; 1,05; 0,07; -24,46; -165,71; 35,33; 113,20; -14,84; -453,27
TBF; 331556; 656; 99920,02; 0,99; 0,06; 1,05; 0,08; -23,76; -55,50; -55,45; 110,80; -7,05; -463,76
TBF; 332060; 657; 99915,78; 0,99; 0,03; 0,97; 0,07; -1,22; 29,59; 46,99; 111,25; -3,60; -466,01
TBF; 332565; 658; 99933,54; 0,99; 0,06; 1,01; 0,09; 34,11; 78,67; -17,30; 112,75; -12,59; -461,81
TBF; 333069; 659; 99938,02; 0,99; 0,01; 0,96; 0,06; 9,44; 94,92; -3,68; 111,40; -11,25; -453,27
TBF; 333574; 660; 99938,66; 0,99; 0,03; 1,00; 0,04; -11,45; 79,82; -6,23; 113,05; -11,70; -440,82
TBF; 334079; 661; 99946,46; 0,99; 0,02; 0,97; 0,04; -0,63; 19,30; 18,98; 112,30; -4,05; -440,37
TBF; 334583; 662; 99943,98; 0,87; 0,07; 1,06; 0,01; -7,07; -15,65; -19,94; 113,05; -5,40; -441,12
TBF; 335088; 663; 99936,62; 0,87; -0,02; 0,99; 0,07; -19,44; -46,99; 3,98; 112,30; -8,85; -442,77
TBF; 335592; 664; 99933,34; 0,87; 0,03; 1,04; 0,05; -3,89; -69,62; -11,68; 111,70; -13,34; -450,57
TBF; 336097; 665; 99935,82; 0,87; 0,02; 0,99; 0,06; -21,19; -68,47; 20,67; 112,00; -12,44; -455,06
TBF; 336601; 666; 99938,04; 0,87; 0,03; 1,02; 0,10; 8,72; -38,03; -33,57; 111,85; -11,10; -462,11
TBF; 337106; 667; 99934,62; 0,87; 0,01; 0,99; 0,08; -2,81; 36,52; 7,13; 110,80; -9,45; -461,36
TBF; 337610; 668; 99933,58; 0,99; 0,02; 1,02; 0,06; 6,38; 48,40; -12,96; 112,30; -12,15; -456,56
TBF; 338115; 669; 99931,88; 0,87; 0,03; 1,02; 0,10; -0,87; 9,36; -5,73; 113,20; -13,64; -454,46
TBF; 338619; 670; 99931,74; 0,87; 0,03; 1,03; 0,07; 7,76; -29,31; 7,73; 111,85; -13,49; -455,81
TBF; 339124; 671; 99926,12; 0,87; 0,03; 1,00; 0,08; -11,60; -10,79; 6,63; 112,60; -12,74; -459,56
TBF; 339628; 672; 99928,06; 0,87; 0,03; 0,99; 0,07; -5,94; 9,45; 6,29; 111,85; -11,10; -458,21
TBF; 340133; 673; 99931,50; 0,87; 0,03; 0,99; 0,09; 11,18; 14,60; -2,82; 111,55; -12,59; -457,91
TBF; 340637; 674; 99936,86; 0,87; -0,01; 0,97; 0,09; -0,15; 0,06; -6,58; 111,10; -12,74; -457,16
TBF; 341142; 675; 99927,32; 0,87; 0,03; 1,01; 0,09; 6,31; -0,14; -1,13; 110,36; -14,39; -456,11
TBF; 341647; 676; 99933,64; 0,87; -0,01; 0,99; 0,08; 5,27; -1,73; 16,67; 111,25; -12,89; -457,01
TBF; 342151; 677; 99925,42; 0,87; -0,19; 0,94; -0,10; -6,11; -2,89; 7,65; 112,00; -13,04; -455,66
TBF; 342656; 678; 99918,14; 0,87; 0,03; 1,00; 0,08; 3,10; 15,21; -8,70; 112,90; -14,84; -453,87
TBF; 343160; 679; 99921,08; 0,87; 0,04; 1,04; 0,06; -13,57; 13,97; 6,46; 111,70; -13,34; -454,46
TBF; 343665; 680; 99921,98; 0,87; 0,04; 1,02; 0,04; -21,27; 1,02; -3,85; 113,35; -14,39; -452,22
TBF; 344169; 681; 99925,61; 0,87; 0,04; 1,01; 0,08; -7,69; -13,79; 0,06; 111,55; -14,09; -455,21
TBF; 344674; 682; 99930,36; 0,87; 0,02; 1,04; 0,08; -0,53; -0,14; -10,66; 111,70; -12,15; -455,66
TBF; 345178; 683; 99928,64; 0,87; 0,03; 0,99; 0,09; 4,11; 0,50; 2,70; 112,45; -13,49; -454,61
TBF; 345683; 684; 99922,30; 0,87; 0,00; 1,01; 0,08; 20,67; 0,12; -3,25; 111,25; -10,80; -453,72
TBF; 346187; 685; 99930,54; 0,87; 0,06; 1,00; 0,09; 7,47; -14,08; 18,63; 112,45; -15,89; -452,82
TBF; 346692; 686; 99930,30; 0,87; -0,00; 1,00; 0,08; 23,69; -22,32; 9,86; 111,40; -12,15; -455,36
TBF; 347196; 687; 99925,90; 0,87; 0,01; 1,15; 0,14; 4,81; -37,85; 33,28; 112,15; -14,09; -453,72
TBF; 347701; 688; 99920,70; 0,87; 0,02; 1,04; 0,08; 41,47; -36,06; -29,05; 112,00; -13,34; -452,07
TBF; 348205; 689; 99919,34; 0,74; 0,04; 1,02; 0,08; 12,63; -140,34; -4,70; 111,55; -9,60; -463,61
TBF; 348710; 690; 99919,58; 0,87; 0,08; 1,03; 0,08; 15,18; -125,62; -52,73; 109,31; 2,85; -461,06
TBF; 349215; 691; 99920,94; 0,87; 0,01; 1,08; 0,05; 2,78; -100,93; 26,47; 112,45; 12,29; -456,71
TBF; 349719; 692; 99937,84; 0,87; 0,10; 1,05; 0,05; -20,93; -55,95; 32,95; 110,51; 6,75; -447,57
TBF; 350224; 693; 99933,86; 0,87; 0,05; 1,00; 0,04; -22,98; 14,69; -38,76; 112,45; 9,60; -445,92
TBF; 350728; 694; 99937,22; 0,87; 0,06; 1,03; 0,02; -9,59; 36,15; -11,51; 110,65; 9,60; -447,72
TBF; 351233; 695; 99944,82; 0,87; 0,07; 1,01; 0,06; 39,77; 40,50; -1,47; 111,55; 8,70; -451,32
TBF; 351737; 696; 99933,78; 0,87; 0,05; 0,95; 0,07; 3,02; 82,12; 33,19; 111,55; 8,10; -457,61
TBF; 352242; 697; 99926,98; 0,87; 0,09; 1,02; 0,09; 18,58; 93,94; -14,58; 111,25; 1,80; -464,21
TBF; 352746; 698; 99916,32; 0,87; 0,04; 1,00; 0,08; -22,09; 163,59; 15,65; 111,85; -9,60; -462,71
TBF; 353251; 699; 99917,75; 0,87; 0,06; 1,02; 0,03; 22,56; 128,46; -8,79; 112,00; -12,15; -446,07
TBF; 353755; 700; 99927,46; 0,87; 0,05; 0,99; 0,02; -1,08; 76,09; 6,29; 112,90; -4,05; -438,87
TBF; 354260; 701; 99935,20; 0,87; 0,06; 1,04; 0,03; 8,76; -12,56; -16,20; 111,70; 0,15; -439,77
TBF; 354764; 702; 99926,41; 0,87; 0,05; 0,96; 0,02; 6,21; -51,69; 6,79; 112,60; -3,45; -441,27
TBF; 355269; 703; 99928,28; 0,87; 0,03; 0,99; 0,03; -18,21; -70,78; -0,70; 111,25; -9,00; -443,52
TBF; 355773; 704; 99911,85; 0,87; 0,03; 1,02; 0,06; 0,20; -93,94; 6,03; 112,90; -14,54; -450,87
TBF; 356278; 705; 99902,50; 0,87; 0,06; 1,04; 0,08; -1,24; -77,34; -7,51; 111,85; -12,00; -460,31
TBF; 356783; 706; 99916,36; 0,87; 0,03; 1,01; 0,06; -1,04; 15,40; -11,18; 112,15; -9,60; -464,21
TBF; 357287; 707; 99926,90; 0,87; 0,01; 1,08; 0,10; 10,31; 63,94; 9,44; 111,25; -11,10; -459,41
TBF; 357792; 708; 99922,74; 0,87; 0,02; 1,03; 0,10; 4,06; 49,11; 3,56; 110,80; -12,74; -450,87
TBF; 358296; 709; 99928,24; 0,87; 0,01; 0,95; 0,06; 2,66; 38,29; 27,66; 112,75; -12,29; -447,42
TBF; 358801; 710; 99909,54; 0,87; 0,01; 0,97; 0,10; 9,24; -20,11; 4,75; 113,20; -12,74; -443,97
TBF; 359305; 711; 99921,93; 0,87; 0,01; 1,01; 0,06; 12,67; -27,65; -14,92; 111,85; -12,29; -447,12
TBF; 359810; 712; 99924,57; 0,87; -0,02; 0,98; 0,03; -13,13; -17,97; 22,21; 111,55; -12,00; -448,62
TBF; 360314; 713; 99925,70; 0,87; 0,02; 1,02; 0,09; -11,01; -16,03; -9,30; 111,85; -14,09; -453,12
TBF; 360819; 714; 99924,98; 0,87; 0,02; 1,00; 0,10; -7,97; -36,43; 2,37; 113,35; -14,39; -455,21
TBF; 361323; 715; 99918,98; 0,87; 0,06; 0,99; 0,13; 4,26; -42,73; -6,58; 109,91; -11,55; -457,76
TBF; 361828; 716; 99929,80; 0,87; 0,00; 1,00; 0,12; 3,30; -27,11; 4,92; 111,40; -8,85; -461,96
TBF; 362332; 717; 99931,30; 0,87; 0,03; 0,99; 0,10; 2,14; 19,02; -15,77; 111,55; -7,50; -461,51
TBF; 362837; 718; 99924,34; 0,74; 0,01; 1,00; 0,10; -13,39; 15,48; 0,66; 110,51; -8,25; -458,36
TBF; 363341; 719; 99922,50; 0,87; 0,02; 1,01; 0,11; -24,69; 2,08; 15,40; 111,70; -10,65; -460,76
TBF; 363846; 720; 99923,05; 0,74; 0,06; 1,03; 0,10; -19,79; -0,58; -22,34; 110,51; -10,65; -461,96
TBF; 364351; 721; 99922,81; 0,87; 0,03; 1,00; 0,10; 6,47; -7,15; 7,91; 111,25; -8,70; -462,41
TBF; 364855; 722; 99921,62; 0,87; 0,03; 1,01; 0,12; 10,47; 14,69; 5,86; 111,70; -10,65; -460,16
TBF; 365360; 723; 99924,73; 0,87; 0,00; 1,00; 0,09; 19,97; 2,35; -16,79; 110,65; -9,90; -459,41
TBF; 365864; 724; 99923,70; 0,87; 0,04; 1,05; 0,10; -12,09; -1,11; 15,82; 111,55; -11,40; -458,81
TBF; 366369; 725; 99924,82; 0,87; 0,02; 1,06; 0,13; -14,38; 7,40; -29,82; 110,36; -11,40; -459,71
TBF; 366873; 726; 99912,09; 0,87; 0,01; 1,06; 0,13; -26,52; 8,56; 36,85; 111,55; -11,70; -459,41
TBF; 367378; 727; 99913,27; 0,87; 0,05; 1,03; 0,10; 3,98; -10,35; -32,98; 110,51; -9,75; -461,06
TBF; 367882; 728; 99903,86; 0,87; 0,07; 1,06; 0,10; -21,21; 2,52; 47,92; 111,55; -12,59; -459,41
TBF; 368387; 729; 99895,69; 0,87; -0,01; 0,94; 0,09; -16,69; -7,15; 11,48; 111,40; -7,65; -463,46
TBF; 368891; 730; 99892,09; 0,87; 0,13; 1,08; 0,11; 4,52; -1,11; -37,74; 111,25; -11,40; -461,81
TBF; 369396; 731; 99878,73; 0,87; 0,03; 1,00; 0,11; -24,14; 5,19; 92,90; 110,36; -6,00; -461,21
TBF; 369900; 732; 99836,14; 0,87; 0,06; 0,60; 0,07; 6,21; 1,54; 36,69; 111,85; -13,49; -462,41
TBF; 370405; 733; 99859,69; 0,87; 0,01; 1,10; 0,10; -1,40; 25,24; -70,44; 109,91; -8,85; -461,66
TBF; 370909; 734; 99853,61; 0,87; 0,06; 1,12; 0,10; 16,50; 8,47; 50,06; 111,25; -12,29; -458,51
TBF; 371414; 735; 99866,81; 0,87; -0,00; 0,96; 0,11; -5,42; 17,16; -17,73; 110,95; -11,10; -459,71
TBF; 371919; 736; 99857,21; 0,87; 0,05; 1,32; 0,13; 15,79; 10,60; -32,98; 111,70; -13,64; -457,16
TBF; 372423; 737; 99835,39; 0,87; 0,02; 1,18; 0,09; -12,44; 34,03; 64,63; 111,85; -13,79; -455,51
TBF; 372928; 738; 99825,47; 0,87; 0,01; 1,07; 0,07; 2,64; -8,03; -33,05; 111,40; -12,74; -453,57
TBF; 373432; 739; 99806,33; 0,87; 0,05; 1,04; 0,08; -14,90; -7,95; 8,34; 111,40; -13,34; -454,17
TBF; 373937; 740; 99778,41; 0,87; 0,04; 1,00; 0,07; -8,87; -65,63; -4,37; 111,70; -13,94; -458,06
TBF; 374441; 741; 99776,65; 0,87; 0,08; 1,21; 0,11; -12,60; -75,74; -4,53; 112,15; -8,10; -466,01
TBF; 374946; 742; 99776,48; 0,87; 0,06; 1,39; 0,12; -9,31; -10,61; -4,37; 111,40; -3,45; -466,16
TBF; 375450; 743; 99729,66; 0,87; 0,03; 1,18; 0,11; 0,08; 44,23; -22,58; 111,25; -4,50; -464,81
TBF; 375955; 744; 99691,74; 0,87; 0,08; 1,01; 0,11; 3,30; 55,77; -31,36; 110,95; -8,40; -463,01
TBF; 376459; 745; 99630,48; 0,87; 0,02; 0,96; 0,04; 20,08; 35,62; 60,11; 110,65; -10,20; -458,81
TBF; 376964; 746; 99613,18; 0,87; 0,01; 1,03; 0,08; 8,99; -58,15; -44,05; 112,15; -13,19; -462,41
TBF; 377468; 747; 99565,76; 0,87; 0,04; 1,06; 0,08; -10,55; -54,44; 20,67; 110,21; -4,95; -461,96
TBF; 377973; 748; 99521,94; 0,74; 0,02; 0,97; 0,05; 18,44; -13,36; -23,69; 112,15; -2,70; -465,41
TBF; 378478; 749; 99521,36; 0,74; 0,09; 1,02; 0,07; -31,40; 37,76; 26,31; 110,51; -6,45; -461,06
TBF; 378982; 750; 99458,46; 0,74; 0,01; 0,98; 0,12; 0,89; 43,69; -2,99; 110,65; -8,10; -463,31
TBF; 379487; 751; 99408,18; 0,74; 0,01; 0,55; 0,07; -52,24; 79,21; 85,83; 110,80; -13,04; -455,96
TBF; 379991; 752; 99378,34; 0,74; 0,01; 0,49; 0,04; -17,04; 68,46; 90,00; 112,90; -11,55; -447,27
TBF; 380496; 753; 99353,15; 0,74; 0,07; 0,88; 0,07; 58,12; 39,34; 54,66; 113,05; -13,19; -442,92
TBF; 381000; 754; 99366,58; 0,74; -0,02; 1,01; 0,06; 24,52; 64,40; -43,79; 110,36; -5,70; -444,72
TBF; 381505; 755; 99353,77; 0,74; 0,06; 1,05; 0,06; 30,37; -117,10; -5,47; 114,25; -7,50; -436,92
TBF; 382009; 756; 99350,58; 0,74; 0,03; 0,99; 0,08; 40,55; -114,08; -15,69; 114,55; -15,89; -442,32
TBF; 382514; 757; 99343,91; 0,74; 0,04; 1,00; 0,09; -15,44; -43,01; 15,40; 111,55; -14,09; -457,61
TBF; 383018; 758; 99354,31; 0,74; 0,06; 1,00; 0,07; -13,94; 36,87; -30,60; 112,00; -13,94; -460,76
TBF; 383523; 759; 99361,43; 0,74; 0,06; 1,07; 0,09; -28,67; 69,08; 11,05; 112,30; -14,84; -453,27
TBF; 384027; 760; 99372,18; 0,74; 0,04; 1,03; 0,07; -12,85; 64,82; -26,17; 112,30; -11,85; -446,97
TBF; 384532; 761; 99371,59; 0,74; 0,03; 1,03; 0,09; -7,30; 16,11; 33,71; 112,75; -10,20; -442,62
TBF; 385036; 762; 99374,16; 0,74; 0,02; 0,99; 0,07; -7,65; -15,22; -27,27; 110,65; -9,90; -444,12
TBF; 385541; 763; 99360,89; 0,74; 0,03; 1,00; 0,08; -24,40; -39,89; 9,18; 112,60; -13,04; -444,87
TBF; 386046; 764; 99357,69; 0,74; 0,02; 1,02; 0,08; 6,66; -40,24; -16,03; 111,40; -14,84; -450,57
TBF; 386550; 765; 99370,70; 0,74; 0,06; 0,97; 0,07; -8,18; -23,74; 15,48; 111,55; -14,69; -456,41
TBF; 387055; 766; 99365,51; 0,74; 0,06; 0,99; 0,07; 7,54; -12,29; -13,65; 113,35; -13,79; -455,51
TBF; 387559; 767; 99372,39; 0,74; 0,00; 1,00; 0,07; 8,72; 16,02; 7,56; 111,55; -12,89; -456,71
TBF; 388064; 768; 99371,43; 0,74; 0,03; 1,03; 0,08; 1,50; 23,56; 2,46; 112,60; -13,04; -451,47
TBF; 388568; 769; 99371,54; 0,74; 0,00; 0,97; 0,09; 18,75; 18,69; 27,91; 112,00; -14,84; -449,37
TBF; 389073; 770; 99352,71; 0,74; 0,04; 0,88; 0,07; 17,04; 37,57; -14,15; 110,95; -13,79; -447,42
TBF; 389577; 771; 99366,31; 0,74; 0,04; 0,99; 0,05; 4,37; 33,40; 8,50; 112,60; -10,65; -442,47
TBF; 390082; 772; 99361,44; 0,74; 0,02; 0,60; 0,04; -7,37; 29,24; 7,48; 111,70; -9,15; -440,67
TBF; 390586; 773; 99373,42; 0,74; 0,03; 0,79; 0,05; 14,53; 15,04; 8,34; 112,90; -7,05; -438,87
TBF; 391091; 774; 99397,99; 0,74; 0,17; 0,94; -0,10; -3,83; -7,15; -5,56; 110,36; -4,80; -444,72
TBF; 391595; 775; 99423,02; 0,87; 0,03; 1,08; 0,07; -14,03; -31,37; -18,15; 112,75; -4,20; -436,62
TBF; 392100; 776; 99479,13; 0,87; 0,06; 1,07; 0,08; 62,02; -55,95; 41,45; 114,85; -12,00; -438,12
TBF; 392604; 777; 99452,25; 0,87; 0,04; 1,04; 0,07; -12,26; -56,23; -19,86; 110,36; -8,40; -446,22
TBF; 393109; 778; 99469,85; 0,74; 0,05; 1,00; 0,07; 18,89; -84,18; -24,89; 114,10; -18,44; -456,26
TBF; 393614; 779; 99468,94; 0,87; 0,06; 0,87; 0,04; -0,89; -36,87; 12,41; 110,80; -10,65; -453,87
TBF; 394118; 780; 99522,38; 0,87; 0,05; 1,18; 0,09; -4,90; -19,31; -2,82; 110,36; -6,00; -461,21
TBF; 394623; 781; 99551,73; 0,87; -0,02; 0,98; 0,13; -7,11; 5,63; -55,11; 116,20; -2,55; -474,56
TBF; 395127; 782; 99587,50; 0,87; 0,13; 1,13; 0,20; -75,44; -67,59; 25,45; 110,21; -7,65; -455,66
TBF; 395632; 783; 99610,15; 0,87; 0,10; 1,07; 0,10; 113,76; 21,34; -25,15; 112,75; -14,09; -462,71
TBF; 396136; 784; 99604,87; 0,87; 0,06; 1,12; 0,04; -77,31; 79,91; 2,03; 110,80; -13,94; -458,66
TBF; 396641; 785; 99673,21; 0,74; 0,08; 1,10; 0,04; 37,16; 135,89; 8,93; 110,80; -4,65; -439,77
TBF; 397145; 786; 99677,85; 0,74; 0,01; 1,09; 0,04; -55,73; -130,95; 30,14; 112,00; -17,24; -452,37
TBF; 397650; 787; 99686,78; 0,74; 0,09; 1,08; -0,00; -28,60; -111,33; -49,83; 111,70; -14,84; -456,56
TBF; 398154; 788; 99731,78; 0,74; 0,08; 0,95; 0,04; 122,73; -164,40; 60,02; 116,95; 7,80; -477,71
TBF; 398659; 789; 99740,71; 0,87; 0,06; 1,04; 0,04; -84,40; -26,58; 54,99; 109,46; -0,30; -453,72
TBF; 399163; 790; 99774,00; 0,74; 0,07; 1,24; 0,11; 40,73; -120,64; -125,37; 111,10; 12,44; -446,67
TBF; 399668; 791; 99842,74; 0,87; 0,16; 1,44; 0,06; 11,16; -86,21; 81,15; 110,36; 3,90; -445,32
TBF; 400173; 792; 99844,24; 0,87; -0,03; 1,23; 0,13; -63,11; -250,14; -112,43; 114,70; -10,95; -439,17
TBF; 400677; 793; 99808,96; 0,87; 0,07; 0,62; 0,01; -48,72; -250,14; 15,31; 112,75; -5,70; -469,31
TBF; 401182; 794; 99848,66; 0,87; 0,13; 1,37; 0,07; -21,04; -153,92; 7,05; 110,51; 1,05; -447,27
TBF; 401686; 795; 99846,36; 0,87; 0,05; 0,93; 0,10; 15,21; 71,57; 0,41; 114,55; 14,69; -444,12
TBF; 402191; 796; 99835,14; 0,87; 0,03; 1,08; 0,06; -55,63; 103,60; 12,58; 110,95; 7,80; -451,02
TBF; 402695; 797; 99826,00; 0,87; 0,06; 1,07; 0,07; 32,64; 161,63; 51,16; 113,05; 3,30; -466,61
TBF; 403200; 798; 99833,04; 0,87; 0,08; 0,89; 0,04; 8,34; 243,28; -50,43; 114,10; -16,94; -454,17
TBF; 403704; 799; 99843,20; 0,87; 0,07; 1,03; 0,01; 37,65; 250,13; -12,27; 112,00; 4,95; -443,37
TBF; 404209; 800; 99836,64; 0,87; 0,09; 0,99; 0,05; 40,90; 250,13; 14,79; 112,45; -6,30; -465,71
TBF; 404713; 801; 99838,88; 0,87; 0,03; 0,99; 0,06; 13,83; 228,64; 35,24; 111,55; -7,50; -440,52
TBF; 405218; 802; 99847,92; 0,87; 0,01; 0,98; 0,06; 7,11; 34,73; -22,08; 112,60; 7,05; -442,77
TBF; 405722; 803; 99845,79; 0,87; -0,01; 0,98; 0,03; -17,85; -114,26; 40,95; 111,85; 1,20; -439,62
TBF; 406227; 804; 99835,38; 0,87; 0,04; 0,99; 0,07; -25,71; -173,62; -39,71; 112,00; -14,24; -446,07
TBF; 406731; 805; 99852,88; 0,87; 0,05; 1,00; 0,05; 37,01; -157,92; 10,46; 111,10; -9,15; -461,66
TBF; 407236; 806; 99845,63; 0,87; 0,07; 0,96; 0,08; -13,40; -100,06; -4,96; 110,06; 0,90; -463,91
TBF; 407741; 807; 99861,43; 0,87; 0,06; 1,07; 0,07; 6,63; -16,93; 11,89; 112,60; 9,75; -461,36
TBF; 408245; 808; 99863,93; 0,87; 0,08; 0,97; 0,06; 7,88; 87,98; 4,32; 111,70; 3,75; -462,86
TBF; 408750; 809; 99847,87; 0,87; 0,05; 1,08; 0,06; 4,89; 109,82; 4,92; 109,31; -4,35; -462,56
TBF; 409254; 810; 99859,35; 0,87; 0,05; 1,05; 0,08; 11,25; 76,00; -0,27; 111,40; -15,14; -457,16
TBF; 409759; 811; 99854,32; 0,87; 0,04; 1,41; 0,14; -5,24; 73,34; 18,03; 111,85; -13,49; -448,92
TBF; 410263; 812; 99815,52; 0,87; 0,00; 0,64; 0,05; -14,37; -0,67; -9,73; 112,45; -11,10; -445,02
TBF; 410768; 813; 99828,33; 0,87; 0,00; 1,00; 0,08; -7,63; -38,29; -3,59; 111,85; -12,59; -449,52
TBF; 411272; 814; 99820,65; 0,87; 0,05; 1,01; 0,10; -7,88; -13,98; -4,44; 112,15; -13,49; -451,62
TBF; 411777; 815; 99828,81; 0,74; 0,00; 1,23; 0,11; -17,59; 7,05; 17,69; 111,70; -13,64; -452,97
TBF; 412281; 816; 99817,91; 0,74; -0,00; 0,97; 0,07; -21,82; -2,00; -38,26; 111,55; -12,59; -452,22
TBF; 412786; 817; 99810,65; 0,74; 0,05; 1,02; 0,10; 2,95; -6,17; 24,34; 113,20; -16,04; -451,17
TBF; 413290; 818; 99801,97; 0,74; 0,03; 1,00; 0,08; 10,31; -38,92; -35,79; 112,00; -13,94; -454,46
TBF; 413795; 819; 99799,45; 0,74; 0,05; 1,02; 0,09; 4,73; -19,47; 32,26; 112,15; -13,49; -456,71
TBF; 414299; 820; 99786,45; 0,74; 0,01; 0,92; 0,08; 0,37; -17,36; -9,82; 110,51; -12,44; -459,26
TBF; 414804; 821; 99784,05; 0,74; 0,03; 1,00; 0,09; -24,20; -24,00; 10,20; 110,95; -9,00; -460,61
TBF; 415309; 822; 99793,86; 0,74; 0,02; 0,97; 0,09; 4,56; -16,63; -37,07; 110,51; -6,45; -463,76
TBF; 415813; 823; 99789,75; 0,74; 0,07; 0,99; 0,08; -7,73; -0,76; 54,32; 110,06; -7,20; -462,71
TBF; 416318; 824; 99789,77; 0,74; -0,56; 0,54; 0,24; 14,27; -80,09; -54,44; 112,30; -7,05; -464,06
TBF; 416822; 825; 99792,09; 0,74; 0,04; 1,02; 0,09; 2,40; 2,43; 30,55; 110,80; -7,95; -461,66
TBF; 417327; 826; 99787,¸9; 0,74; 0,00; 9,97[ <09; 2,15; <,<6; -21,65; 110,51; -7,85k -463,76
:TBF; 417831; 827; 99786,18; 0,74; 0,08; 1,04; 0,12; 2,12; 13,18; 24,43; 111,10; -10,65; -461,06
TBF; 418336; 828; 99787,45; 0,74; 0,04; 1,01; 0,10; 14,73; -3,95; -4,18; 110,51; -7,35; -461,06
TBF; 418840; 829; 99780,07; 0,74; 0,04; 1,03; 0,07; 7,88; -6,98; -10,32; 111,70; -11,55; -462,56
TBF; 419345; 830; 99787,25; 0,74; 0,03; 0,98; 0,09; 0,63; -4,84; 23,74; 109,16; -9,00; -460,61
TBF; 419849; 831; 99778,65; 0,74; 0,03; 1,03; 0,10; 16,18; -6,08; -31,19; 110,21; -8,55; -461,66
TBF; 420354; 832; 99778,93; 0,74; 0,03; 0,99; 0,06; -9,59; 11,31; 51,08; 112,00; -8,55; -462,26
TBF; 420858; 833; 99766,70; 0,74; 0,01; 0,99; 0,09; -2,75; 11,22; -49,40; 109,76; -8,70; -461,21
TBF; 421363; 834; 99754,16; 0,74; 0,02; 1,06; 0,08; -16,15; 31,36; 37,45; 111,10; -9,45; -461,96
TBF; 421867; 835; 99755,34; 0,74; 0,05; 1,04; 0,07; 2,41; 26,49; -22,08; 111,70; -13,34; -457,16
TBF; 422372; 836; 99761,49; 0,74; 0,02; 1,05; 0,09; 1,31; 14,41; 9,53; 110,95; -12,00; -455,81
TBF; 422877; 837; 99758,80; 0,74; 0,02; 1,00; 0,05; 11,62; 25,07; -17,05; 111,85; -13,19; -453,12
TBF; 423381; 838; 99763,02; 0,74; 0,01; 0,98; 0,08; 4,96; 42,55; 12,41; 110,51; -13,94; -450,87
TBF; 423886; 839; 99762,54; 0,74; 0,04; 0,98; 0,05; 3,65; 39,44; 4,24; 112,60; -13,64; -445,17
TBF; 424390; 840; 99766,16; 0,74; 0,01; 1,01; 0,05; 6,02; -19,31; -6,15; 112,45; -11,10; -444,42
TBF; 424895; 841; 99749,68; 0,74; 0,04; 0,92; 0,06; -4,70; -30,40; 3,73; 111,70; -13,04; -446,97
TBF; 425399; 842; 99745,26; 0,74; 0,05; 1,05; 0,07; -7,07; -56,29; -22,41; 114,10; -15,74; -446,07
TBF; 425904; 843; 99753,34; 0,87; 0,02; 1,02; 0,07; -2,41; -38,92; 17,86; 110,51; -11,55; -457,76
TBF; 426408; 844; 99754,77; 0,87; 0,05; 0,99; 0,08; -16,15; -15,94; 2,03; 112,15; -14,99; -460,31
TBF; 426913; 845; 99756,30; 0,87; 0,03; 1,00; 0,07; -5,33; 3,77; -18,84; 111,10; -12,15; -460,46
TBF; 427417; 846; 99755,58; 0,87; 0,04; 1,07; 0,05; -2,12; 27,98; 10,96; 112,30; -10,95; -461,36
TBF; 427922; 847; 99763,50; 0,87; 0,03; 0,95; 0,08; -3,60; 24,20; -6,32; 111,70; -14,54; -455,36
TBF; 428426; 848; 99764,63; 0,87; 0,03; 1,03; 0,07; 13,56; 1,91; 10,12; 111,70; -13,34; -456,56
TBF; 428931; 849; 99770,22; 0,87; 0,02; 0,98; 0,05; -1,85; -18,95; -5,39; 112,45; -14,99; -456,11
TBF; 429435; 850; 99766,23; 0,87; 0,02; 1,00; 0,07; 6,69; -44,76; 1,08; 111,85; -11,40; -457,31
TBF; 429940; 851; 99769,88; 0,74; 0,04; 1,00; 0,09; -18,09; -9,98; 5,27; 111,55; -9,00; -461,81
TBF; 430445; 852; 99771,53; 0,87; 0,05; 0,98; 0,07; -13,66; 30,75; -2,92; 112,15; -11,70; -460,31
TBF; 430949; 853; 99771,34; 0,87; 0,04; 1,01; 0,07; -12,15; 46,09; -5,13; 112,45; -12,89; -458,51
TBF; 431454; 854; 99776,39; 0,87; 0,03; 1,01; 0,07; -3,18; 28,79; 0,92; 113,20; -15,14; -453,87
TBF; 431958; 855; 99778,84; 0,87; 0,04; 1,04; 0,06; 15,73; 6,08; -2,15; 112,30; -13,94; -452,97
TBF; 432463; 856; 99788,79; 0,87; 0,02; 1,08; 0,09; 5,62; 5,02; 11,82; 114,10; -14,84; -450,27
TBF; 432967; 857; 99794,54; 0,87; 0,05; 1,01; 0,07; 3,66; -47,42; -10,84; 112,60; -16,04; -450,57
TBF; 433472; 858; 99802,68; 0,87; 0,04; 1,00; 0,05; -1,16; -66,24; -2,23; 112,30; -11,55; -457,46
TBF; 433976; 859; 99792,76; 0,87; 0,03; 1,01; 0,07; -19,68; -52,41; -14,84; 112,30; -8,55; -463,46
TBF; 434481; 860; 99798,84; 0,87; 0,05; 0,98; 0,10; -10,64; 23,65; 3,65; 111,70; -5,55; -463,76
TBF; 434985; 861; 99789,24; 0,87; 0,02; 0,96; 0,06; 8,18; 68,27; -1,56; 112,00; -10,35; -461,66
TBF; 435490; 862; 99795,64; 0,87; 0,02; 0,98; 0,07; 10,41; 42,03; 19,15; 111,40; -14,24; -455,06
TBF; 435994; 863; 99809,64; 0,87; 0,03; 1,01; 0,06; 16,00; 33,68; 4,92; 111,85; -12,89; -450,72
TBF; 436499; 864; 99811,83; 0,99; 0,06; 1,06; 0,06; -8,09; -14,87; 2,63; 111,10; -14,84; -447,27
TBF; 437003; 865; 99820,13; 0,99; 0,03; 0,97; 0,05; 15,82; -84,70; -17,73; 111,10; -13,04; -456,56
TBF; 437508; 866; 99826,95; 0,99; 0,03; 1,02; 0,10; 5,53; -81,05; 17,95; 112,00; -6,75; -463,16
TBF; 438013; 867; 99826,84; 0,99; 0,04; 0,99; 0,08; 8,99; 0,06; -19,18; 109,91; -4,65; -463,46
TBF; 438517; 868; 99836,18; 0,99; 0,03; 1,02; 0,07; 14,67; 61,02; 9,53; 110,80; -7,35; -461,36
TBF; 439022; 869; 99842,77; 0,99; 0,04; 0,97; 0,07; 9,97; 22,60; -1,13; 111,10; -11,85; -459,26
TBF; 439526; 870; 99829,73; 0,99; 0,02; 1,05; 0,07; -2,12; -4,75; 9,27; 112,60; -12,74; -456,56
TBF; 440031; 871; 99816,91; 0,99; 0,04; 1,04; 0,06; 5,94; -0,49; -17,73; 110,65; -12,00; -458,21
TBF; 440535; 872; 99816,43; 0,99; 0,04; 1,02; 0,06; 0,79; -3,60; 25,69; 112,00; -12,74; -458,66
TBF; 441040; 873; 99818,86; 0,99; 0,05; 1,03; 0,09; 9,77; -6,53; -27,79; 113,50; -14,24; -457,16
TBF; 441544; 874; 99820,03; 0,99; 0,02; 0,99; 0,07; 2,35; 8,93; 22,64; 112,00; -12,15; -458,06
TBF; 442049; 875; 99827,02; 0,99; 0,04; 1,03; 0,06; 4,35; 6,61; -4,61; 112,15; -14,69; -457,61
TBF; 442553; 876; 99825,15; 0,99; 0,04; 0,99; 0,07; 8,73; -4,29; 1,44; 112,60; -14,84; -454,76
TBF; 443058; 877; 99839,31; 0,99; 0,04; 1,18; 0,08; 1,71; -12,81; -1,73; 111,85; -12,29; -456,41
TBF; 443562; 878; 99835,87; 0,99; 0,04; 0,96; 0,06; 4,20; -15,04; -3,59; 113,20; -12,44; -456,86
TBF; 444067; 879; 99834,11; 0,99; 0,04; 1,03; 0,08; 11,74; -25,42; 3,39; 110,36; -11,40; -460,31
TBF; 444571; 880; 99826,06; 0,99; 0,03; 0,99; 0,08; -5,30; 8,40; -11,34; 111,85; -11,70; -461,81
TBF; 445076; 881; 99828,94; 0,99; 0,03; 1,03; 0,09; -5,11; 22,78; 6,53; 111,70; -11,85; -460,16
TBF; 445580; 882; 99832,43; 0,99; 0,05; 1,05; 0,07; -12,56; 34,93; -5,63; 112,60; -13,34; -456,86
TBF; 446085; 883; 99823,38; 0,99; 0,04; 0,99; 0,06; -9,47; 21,18; 9,86; 112,75; -15,29; -452,22
TBF; 446590; 884; 99830,99; 0,99; 0,06; 1,04; 0,07; 8,44; 10,50; -12,96; 111,55; -14,69; -451,92
TBF; 447094; 885; 99825,63; 1,12; 0,03; 0,94; 0,07; -4,98; 7,22; -1,13; 111,70; -14,24; -450,57
TBF; 447599; 886; 99861,47; 1,12; 0,01; 1,48; 0,06; 13,11; -13,80; -18,15; 111,70; -13,64; -452,07
TBF; 448103; 887; 99870,16; 0,99; 0,02; 1,52; 0,08; 5,45; -14,14; -3,42; 112,75; -12,29; -453,42
TBF; 448608; 888; 99853,25; 0,99; -0,01; 1,23; 0,09; -9,37; -69,16; 2,79; 113,65; -14,99; -456,41
TBF; 449112; 889; 99825,16; 0,99; 0,04; 1,06; 0,15; 13,22; -105,65; -12,96; 110,65; -4,80; -461,81
TBF; 449617; 890; 99767,97; 0,99; 0,02; 1,06; 0,13; 57,86; 16,63; 26,55; 111,25; -4,50; -464,21
TBF; 450121; 891; 99723,56; 0,99; -0,03; 1,01; 0,05; 2,69; 149,66; 0,58; 111,10; -11,25; -457,46
TBF; 450626; 892; 99691,23; 0,87; -0,02; 0,99; 0,03; -0,67; 66,43; 8,93; 110,65; -10,20; -450,12
TBF; 451130; 893; 99669,82; 0,87; -0,01; 1,05; 0,02; 17,42; -123,83; 10,12; 111,85; -11,40; -448,92
TBF; 451635; 894; 99621,96; 0,87; 0,02; 0,95; 0,11; -10,37; -166,70; -18,50; 110,36; -5,70; -461,21
TBF; 452139; 895; 99600,62; 0,87; -0,00; 1,03; 0,20; 0,56; 58,98; -11,18; 109,91; -1,65; -461,96
TBF; 452644; 896; 99538,19; 0,74; -0,09; 1,03; 0,05; -31,47; 121,80; 2,27; 110,06; -6,30; -459,71
TBF; 453149; 897; 99460,20; 0,74; -0,02; 0,99; 0,07; -51,98; 56,92; -19,01; 112,00; -12,74; -453,27
TBF; 453653; 898; 99478,93; 0,74; -0,04; 1,03; 0,01; -22,61; -14,24; 18,12; 110,65; -10,80; -453,42
TBF; 454158; 899; 99421,36; 0,74; -0,06; 0,97; 0,06; -16,46; -65,44; -22,41; 110,36; -12,00; -457,61
TBF; 454662; 900; 99389,44; 0,74; 0,01; 1,02; 0,09; -4,67; -26,84; 20,43; 109,76; -8,10; -459,71
TBF; 455167; 901; 99377,60; 0,61; -0,08; 1,01; 0,11; -38,20; 31,47; -13,47; 110,21; -10,95; -459,56
TBF; 455671; 902; 99289,57; 0,61; 0,07; 1,02; 0,18; 8,17; -156,32; 13,18; 110,95; -3,30; -457,91
TBF; 456176; 903; 99285,73; 0,61; 0,16; 0,95; 0,14; 18,69; -18,58; -10,75; 110,80; 1,35; -461,66
TBF; 456680; 904; 99285,19; 0,48; 0,18; 1,04; 0,14; -22,06; -223,31; -27,36; 109,46; 2,10; -457,31
TBF; 457185; 905; 99237,82; 0,48; 0,13; 0,64; 0,02; -41,05; -187,19; 19,40; 110,36; 1,50; -443,82
TBF; 457689; 906; 99143,82; 0,48; 0,01; 0,45; 0,01; -28,64; -238,23; -21,56; 111,85; -12,29; -455,81
TBF; 458194; 907; 99131,17; 0,48; 0,09; 1,13; 0,14; -24,58; -237,53; -3,42; 110,95; -2,70; -458,51
TBF; 458699; 908; 99197,07; 0,48; 0,11; 1,47; 0,15; 5,97; 42,38; -25,82; 110,95; 7,50; -452,22
TBF; 459203; 909; 99123,72; 0,48; -0,02; 1,67; 0,30; -29,79; 86,93; -6,23; 111,85; 1,80; -464,81
TBF; 459708; 910; 99103,33; 0,48; 0,02; 0,98; 0,10; -13,62; 126,95; -23,01; 112,15; -6,00; -468,41
TBF; 460212; 911; 99081,26; 0,48; -0,08; 0,94; 0,06; -15,68; 1,65; 12,24; 111,25; -13,79; -459,41
TBF; 460717; 912; 99030,76; 0,48; -0,03; 1,01; 0,09; -25,71; -81,85; -43,88; 110,36; -1,20; -463,31
TBF; 461221; 913; 98982,02; 0,35; 0,02; 1,01; 0,14; -3,86; 14,26; 60,70; 110,21; -1,05; -462,26
TBF; 461726; 914; 98918,10; 0,35; -0,01; 0,52; 0,06; -5,39; 46,29; -55,11; 109,76; -4,20; -460,01
TBF; 462230; 915; 98884,13; 0,35; -0,01; 0,51; 0,03; 2,35; 77,34; -0,95; 110,51; -2,85; -461,06
TBF; 462735; 916; 98891,78; 0,35; 0,01; 1,26; 0,06; 10,21; 5,80; -35,45; 110,95; -7,50; -452,52
TBF; 463239; 917; 98852,25; 0,35; 0,02; 0,79; 0,07; -2,56; -47,18; 0,32; 110,80; -10,95; -457,46
TBF; 463744; 918; 98855,75; 0,35; 0,05; 1,35; 0,07; 5,28; 0,67; 35,83; 113,35; -14,99; -464,21
TBF; 464248; 919; 98895,74; 0,35; -0,04; 1,62; 0,14; -41,05; 32,44; -114,64; 110,65; -12,29; -458,21
TBF; 464753; 920; 98877,39; 0,35; 0,03; 0,70; 0,11; 29,50; -53,54; 61,63; 111,40; -10,05; -461,66
TBF; 465257; 921; 98810,98; 0,35; 0,03; 0,51; 0,05; -2,55; 5,56; 7,56; 120,85; -17,99; -476,21
TBF; 465762; 922; 98807,30; 0,35; 0,09; 1,22; -0,01; -60,58; 14,61; -95,74; 113,50; -12,15; -465,56
TBF; 466267; 923; 98828,29; 0,35; 0,07; 1,38; 0,13; 79,63; -60,29; 20,00; 110,51; 4,95; -448,77
TBF; 466771; 924; 98804,90; 0,35; 0,04; 1,44; 0,12; -42,90; 120,21; -10,75; 117,85; -15,29; -472,61
TBF; 467276; 925; 98799,41; 0,35; -0,04; 0,55; 0,04; -57,92; -27,28; 65,22; 110,95; -2,10; -461,51
TBF; 467780; 926; 98778,52; 0,23; 0,05; 0,93; 0,10; 9,79; -31,27; 122,02; 110,80; -7,35; -464,96
TBF; 468285; 927; 98776,18; 0,35; 0,07; 1,20; 0,03; -136,81; 250,13; -143,60; 112,15; -5,70; -469,01
TBF; 468789; 928; 98799,77; 0,35; 0,11; 1,01; 0,00; -85,08; 250,13; 6,11; 110,65; -6,90; -451,02
TBF; 469294; 929; 98769,51; 0,35; 0,08; 1,03; 0,07; -15,22; 194,66; -16,96; 116,50; 9,75; -470,96
TBF; 469798; 930; 98780,70; 0,35; 0,03; 1,08; 0,12; -15,85; 147,01; 34,98; 110,65; -5,70; -458,81
TBF; 470303; 931; 98777,82; 0,35; 0,06; 1,07; 0,05; -17,73; -58,69; 33,28; 112,45; -15,89; -455,81
TBF; 470807; 932; 98775,53; 0,35; 0,05; 1,01; 0,08; -37,33; -176,72; 3,22; 112,00; -1,95; -468,56
TBF; 471312; 933; 98782,36; 0,35; 0,09; 0,99; 0,07; -1,83; -191,01; -12,53; 111,40; 6,15; -449,67
TBF; 471816; 934; 98778,15; 0,35; 0,06; 1,01; 0,03; 3,97; -219,39; -5,63; 112,15; -6,00; -437,22
TBF; 472321; 935; 98772,88; 0,35; -0,10; 1,08; 0,12; -9,82; -250,14; 24,43; 111,10; -10,05; -460,16
TBF; 472826; 936; 98776,97; 0,48; 0,06; 1,04; 0,09; 0,03; -117,79; -23,10; 111,40; 4,95; -460,16
TBF; 473330; 937; 98776,45; 0,35; 0,03; 1,03; 0,08; -1,66; 101,56; -14,15; 110,80; 6,15; -462,86
TBF; 473835; 938; 98772,07; 0,35; 0,03; 1,02; 0,08; 12,73; 154,37; 30,90; 111,85; -6,00; -462,41
TBF; 474339; 939; 98770,28; 0,48; 0,03; 0,98; 0,04; 27,82; 131,13; -5,80; 112,00; -15,14; -447,27
TBF; 474844; 940; 98777,34; 0,48; 0,02; 1,01; 0,05; -2,31; 37,22; 0,58; 111,25; -5,10; -441,12
TBF; 475348; 941; 98775,01; 0,48; -0,01; 1,01; 0,06; -2,47; -46,11; 15,22; 112,90; -10,65; -438,87
TBF; 475853; 942; 98775,22; 0,48; -0,11; 0,80; 0,33; 3,47; -129,62; -2,23; 111,40; -14,24; -449,97
TBF; 476357; 943; 98767,17; 0,61; -0,12; 0,83; -0,06; -47,18; -129,33; 47,85; 112,30; -11,55; -463,16
TBF; 476862; 944; 98792,97; 0,61; 0,07; 1,03; -0,64; -138,14; -217,36; -199,04; 149,79; 1,35; -497,65
TBF; 477366; 945; 98818,65; 0,61; 0,62; 1,82; -0,19; -250,14; 250,13; -250,14; 116,80; -19,34; -458,96
TBF; 477871; 946; 98863,11; 0,61; -0,14; 1,09; 0,10; -147,37; 120,75; 138,53; 121,15; 14,09; -478,01
TBF; 478375; 947; 98893,54; 0,61; -0,04; 1,10; 0,10; 104,46; -43,71; 52,87; 115,45; -8,40; -448,62
TBF; 478880; 948; 98920,82; 0,61; 0,03; 1,12; 0,03; -4,00; -13,54; 12,67; 128,80; -30,74; -465,26
TBF; 479385; 949; 98954,15; 0,61; -0,06; 0,99; 0,03; -122,40; -129,85; -30,43; 112,30; -0,45; -461,36
TBF; 479889; 950; 98984,39; 0,61; 0,02; 0,96; 0,11; 26,56; -173,16; -36,12; 120,70; 13,34; -453,57
TBF; 480394; 951; 99013,21; 0,61; 0,16; 1,04; 0,16; 51,82; 84,87; -0,53; 119,65; -13,49; -448,32
TBF; 480898; 952; 99037,15; 0,74; -0,00; 1,03; 0,10; -6,27; 184,18; 45,80; 115,45; -4,80; -448,62
TBF; 481403; 953; 99064,25; 0,74; 0,04; 0,98; 0,04; 0,03; 94,92; 16,08; 118,45; -18,29; -458,51
TBF; 481907; 954; 99094,68; 0,74; -0,03; 0,91; 0,02; -19,22; -23,19; 17,19; 115,45; -9,60; -442,02
TBF; 482412; 955; 99122,50; 0,74; 0,01; 0,97; 0,06; 19,11; -72,44; 23,48; 119,35; -18,29; -457,61
TBF; 482916; 956; 99151,15; 0,74; -0,01; 1,05; 0,11; 22,58; -71,74; -52,40; 118,45; -10,20; -456,11
TBF; 483421; 957; 99179,93; 0,74; 0,13; 0,95; 0,16; 122,32; 11,59; 88,98; 135,09; -42,13; -452,67
TBF; 483925; 958; 99215,55; 0,74; 0,12; 1,16; 0,17; 76,72; 231,57; 122,27; 143,34; -32,39; -418,63
TBF; 484430; 959; 99253,79; 0,74; 0,04; 1,28; 0,12; -10,09; 250,13; 163,40; 128,05; 16,19; -430,92
TBF; 484934; 960; 99292,80; 0,74; 0,04; 1,29; 0,00; -15,33; 172,75; 1,08; 118,60; -1,05; -465,56
TBF; 485439; 961; 99330,54; 0,74; 0,08; 1,25; 0,03; -59,69; -27,89; -24,29; 117,25; -16,79; -451,92
TBF; 485944; 962; 99357,26; 0,74; 0,03; 1,13; 0,05; -22,95; -113,36; 3,65; 116,20; -11,85; -450,27
TBF; 486448; 963; 99391,21; 0,74; 0,10; 1,14; 0,19; 64,02; -51,24; -113,28; 117,55; -16,49; -448,32
TBF; 486953; 964; 99415,59; 0,74; -0,04; 1,07; 0,09; -79,83; 48,95; 93,83; 119,20; 1,35; -466,76
TBF; 487457; 965; 99442,93; 0,74; 0,03; 0,94; 0,18; 49,63; 78,67; 96,90; 121,15; -28,49; -440,82
TBF; 487962; 966; 99479,71; 0,74; 0,04; 0,97; 0,12; 73,24; 187,39; 28,26; 122,35; -13,49; -425,83
TBF; 488466; 967; 99516,38; 0,74; 0,07; 1,01; 0,02; -9,19; 90,12; -101,28; 115,60; -10,95; -441,87
TBF; 488971; 968; 99537,46; 0,74; -0,06; 1,14; 0,01; -21,62; -100,23; 19,74; 122,20; 11,25; -427,78
TBF; 489475; 969; 99579,99; 0,74; 0,01; 1,11; 0,11; 36,60; -65,53; -12,46; 121,60; -19,04; -432,57
TBF; 489980; 970; 99608,95; 0,74; 0,06; 1,06; 0,16; 80,17; -43,25; -118,99; 121,45; -22,19; -434,52
TBF; 490484; 971; 99635,02; 0,74; -0,01; 0,95; 0,15; -108,50; 52,76; 150,46; 125,50; -23,54; -425,38
TBF; 490989; 972; 99670,18; 0,74; 0,00; 1,03; 0,13; 69,07; 145,24; 16,50; 124,00; -8,55; -422,68
TBF; 491493; 973; 99695,77; 0,74; 0,06; 1,20; 0,05; -29,88; 91,82; -10,06; 115,30; -1,35; -446,07
TBF; 491998; 974; 99727,86; 0,74; -0,01; 0,88; 0,07; -62,53; -15,39; -62,02; 122,95; 11,10; -431,22
TBF; 492503; 975; 99754,16; 0,87; -0,02; 1,01; 0,11; 63,66; -5,80; -8,44; 121,30; 3,15; -433,47
TBF; 493007; 976; 99781,69; 0,87; 0,01; 1,20; 0,16; 37,11; -27,83; 17,79; 117,70; -1,05; -433,17
TBF; 493512; 977; 99806,54; 0,87; -0,01; 1,07; 0,08; 45,21; 11,42; -66,53; 114,25; 1,50; -453,12
TBF; 494016; 978; 99832,93; 0,87; -0,07; 0,92; 0,09; -70,43; -63,04; 13,69; 116,50; 6,45; -437,37
TBF; 494521; 979; 99860,14; 0,87; 0,03; 0,98; 0,11; -24,66; -2,98; -16,53; 117,85; -5,40; -435,42
TBF; 495025; 980; 99887,47; 0,87; -0,02; 1,09; 0,13; 42,98; -21,33; -20,03; 122,50; -7,35; -426,58
TBF; 495530; 981; 99920,04; 0,87; 0,02; 0,97; 0,16; 1,10; 62,79; 50,82; 124,30; -9,15; -421,48
TBF; 496034; 982; 99947,47; 0,87; 0,05; 0,88; 0,08; -78,70; 133,86; 8,93; 122,05; -1,80; -428,53
TBF; 496539; 983; 99965,39; 0,87; 0,30; 0,31; 0,22; 250,13; 250,13; 1,51; 230,61; -26,69; -396,14
TBF; 497043; 984; 99968,86; 0,87; 0,62; -0,32; 0,11; 11,65; 93,40; 68,63; 182,33; -32,09; -448,92
TBF; 497548; 985; 99967,29; 0,87; 0,80; -0,36; 0,51; 2,78; 0,76; 9,53; 183,98; -34,04; -455,96
TBF; 498052; 986; 99965,69; 0,87; 0,80; -0,36; 0,51; -2,27; -1,01; -7,51; 184,27; -34,64; -455,36
TBF; 498557; 987; 99967,93; 0,87; 0,81; -0,36; 0,51; -4,49; -2,34; -4,61; 184,72; -35,09; -455,51
TBF; 499062; 988; 99963,93; 0,87; 0,80; -0,36; 0,52; 0,21; 2,18; 3,98; 184,57; -34,94; -455,66
TBF; 499566; 989; 99967,21; 0,87; 0,81; -0,36; 0,51; -0,15; -0,03; -2,40; 184,42; -34,49; -456,41
TBF; 500071; 990; 99967,32; 0,74; 0,81; -0,36; 0,52; 0,60; -2,50; -6,06; 184,72; -33,59; -454,61
TBF; 501080; 992; 99969,98; 0,74; 0,81; -0,36; 0,51; -1,48; 0,95; 5,77; 184,57; -35,54; -456,26
TBF; 501584; 993; 99964,92; 0,74; 0,80; -0,37; 0,51; 3,57; -0,31; 4,08; 184,72; -34,49; -455,81
TBF; 502593; 995; 99965,82; 0,74; 0,80; -0,37; 0,51; 2,34; -0,92; 5,27; 184,87; -34,04; -457,16
TBF; 503098; 996; 99968,60; 0,74; 0,81; -0,37; 0,50; 0,03; 2,09; -1,63; 185,92; -34,19; -456,71
TBF; 503602; 997; 99968,60; 0,74; 0,80; -0,37; 0,50; -1,27; -1,71; -3,77; 185,47; -33,14; -456,26
TBF; 504107; 998; 99967,00; 0,74; 0,80; -0,37; 0,51; 0,15; 1,57; -0,18; 185,47; -34,34; -455,06
TBF; 504611; 999; 99966,68; 0,74; 0,80; -0,37; 0,51; -1,48; 1,56; 5,10; 185,02; -33,29; -456,41
TBF; 505116; 1000; 99965,45; 0,74; 0,80; -0,37; 0,51; -1,57; -0,75; -4,37; 184,42; -34,79; -456,71
TBF; 506125; 1002; 99967,40; 0,74; 0,80; -0,36; 0,51; -0,23; 3,34; 3,05; 185,62; -34,49; -455,51
TBF; 506630; 1003; 99972,36; 0,74; 0,80; -0,37; 0,51; 2,52; -1,98; -0,61; 183,98; -34,04; -455,96
TBF; 507134; 1004; 99966,84; 0,74; 0,80; -0,37; 0,51; -0,12; -1,18; -6,06; 183,68; -34,04; -455,66
TBF; 507639; 1005; 99964,95; 0,74; 0,80; -0,37; 0,51; 0,23; 1,21; 0,75; 186,22; -34,49; -456,11
TBF; 508143; 1006; 99964,02; 0,74; 0,80; -0,37; 0,50; -3,51; -1,89; -5,98; 185,62; -34,49; -455,51
TBF; 508648; 1007; 99964,63; 0,74; 0,80; -0,37; 0,51; 0,40; 0,06; 4,15; 185,32; -34,19; -456,11
TBF; 509152; 1008; 99967,37; 0,74; 0,80; -0,37; 0,51; -2,26; -3,24; -3,34; 185,02; -35,39; -455,51
TBF; 509657; 1009; 99966,97; 0,74; 0,80; -0,37; 0,50; -0,50; 0,58; 6,20; 185,17; -34,34; -455,36
TBF; 510161; 1010; 99967,29; 0,74; 0,80; -0,36; 0,50; -0,50; 1,83; 0,06; 185,92; -35,09; -455,81
TBF; 510666; 1011; 99967,75; 0,74; 0,81; -0,37; 0,51; 0,84; 0,85; -8,37; 185,77; -35,84; -455,36
TBF; 511170; 1012; 99967,75; 0,74; 0,80; -0,37; 0,51; -0,38; 0,08; 0,58; 184,87; -33,44; -455,06
TBF; 511675; 1013; 99969,11; 0,74; 0,80; -0,37; 0,51; -1,71; -1,27; 6,37; 185,62; -34,19; -454,91
TBF; 512179; 1014; 99968,12; 0,74; 0,80; -0,36; 0,51; 2,00; -0,31; 0,66; 185,62; -34,79; -456,41
TBF; 512684; 1015; 99966,68; 0,74; 0,80; -0,36; 0,51; -0,15; -2,17; -4,53; 185,32; -34,79; -456,41
TBF; 513189; 1016; 99965,89; 0,74; 0,80; -0,37; 0,51; -1,13; -2,08; 4,15; 183,53; -34,19; -455,21
TBF; 513693; 1017; 99968,70; 0,74; 0,80; -0,36; 0,51; -1,10; 0,78; 1,27; 184,87; -34,04; -455,96
TBF; 514198; 1018; 99971,10; 0,74; 0,80; -0,37; 0,51; -0,12; -1,97; -5,63; 185,77; -33,44; -455,96
TBF; 514702; 1019; 99967,11; 0,74; 0,80; -0,37; 0,51; 0,38; 3,60; 4,15; 184,27; -34,34; -455,66
TBF; 515207; 1020; 99970,06; 0,74; 0,80; -0,37; 0,51; -0,69; -1,01; -3,77; 185,62; -34,19; -456,11
TBF; 515711; 1021; 99968,06; 0,74; 0,80; -0,37; 0,50; 0,29; -1,01; 2,20; 185,32; -34,79; -455,51
TBF; 516216; 1022; 99969,16; 0,74; 0,81; -0,37; 0,52; 0,49; 2,27; 2,03; 184,57; -34,34; -455,36
TBF; 516720; 1023; 99969,98; 0,74; 0,80; -0,37; 0,52; -0,40; -1,36; 3,22; 185,02; -34,79; -455,81
TBF; 517225; 1024; 99966,49; 0,74; 0,80; -0,37; 0,51; 2,64; 1,40; 1,51; 184,87; -34,34; -455,66
TBF; 517729; 1025; 99965,88; 0,74; 0,80; -0,37; 0,50; 2,43; -2,61; -1,13; 184,42; -34,49; -455,51
TBF; 518234; 1026; 99971,05; 0,74; 0,80; -0,36; 0,51; -0,03; 1,66; 7,56; 184,57; -34,34; -455,36
TBF; 518738; 1027; 99964,26; 0,74; 0,80; -0,37; 0,51; 1,30; 3,44; 6,11; 184,72; -34,79; -455,21
TBF; 519243; 1028; 99963,62; 0,74; 0,80; -0,38; 0,51; -1,02; -1,36; -7,60; 185,32; -33,59; -456,41
TBF; 519748; 1029; 99966,68; 0,74; 0,80; -0,37; 0,51; 0,15; 2,11; 8,67; 185,47; -35,24; -456,26
TBF; 520252; 1030; 99966,44; 0,74; 0,80; -0,37; 0,51; -2,96; -0,64; -4,79; 184,72; -32,99; -455,51
TBF; 520757; 1031; 99969,13; 0,74; 0,80; -0,37; 0,50; -1,19; -3,05; -4,44; 185,47; -34,34; -455,96
TBF; 521261; 1032; 99962,20; 0,74; -0,17; 0,41; 0,04; -106,08; 80,55; 85,24; 188,92; -22,79; -476,21
TBF; 521766; 1033; 99961,56; 0,74; -0,30; 0,11; -0,82; -50,11; -122,32; -76,15; 161,03; 24,89; -496,00
TBF; 522270; 1034; 99955,38; 0,74; -1,02; -0,19; -0,41; -89,92; -103,76; -0,61; 167,03; 38,08; -471,71
TBF; 522775; 1035; 99958,18; 0,74; -0,93; 0,15; 0,08; -3,98; -36,21; 22,72; 154,74; 43,18; -461,21
TBF; 523279; 1036; 99950,74; 0,87; -0,81; 0,34; 0,15; -208,47; 166,11; 33,28; 144,99; 43,93; -462,26
TBF; 523784; 1037; 99952,37; 0,74; -0,56; 0,55; 0,40; -84,61; 42,47; -3,42; 116,05; 23,39; -444,12
TBF; 524288; 1038; 99953,40; 0,74; -0,66; 0,47; 0,59; 35,47; -2,69; 15,40; 123,85; 30,29; -443,82
TBF; 524793; 1039; 99954,90; 0,74; -1,23; 1,02; -0,53; -0,23; 43,18; 21,86; 112,90; 20,54; -459,26
TBF; 525297; 1040; 99953,33; 0,74; -0,33; 0,79; -0,07; -7,24; -25,95; 29,11; 110,51; 9,15; -463,46
TBF; 525802; 1041; 99953,22; 0,74; -0,11; 0,95; 0,05; -21,36; 100,34; 40,09; 110,80; -1,05; -451,17
